2015-05-24 15:17:55,381 [main] INFO  org.eclipse.jetty.server.Server - jetty-8.1.16.v20140903
2015-05-24 15:17:55,419 [main] INFO  o.e.jetty.server.AbstractConnector - Started SelectChannelConnector@0.0.0.0:61787
2015-05-24 16:57:44,519 [Framework stop] INFO  o.e.j.server.handler.ContextHandler - stopped o.e.j.s.ServletContextHandler{/wse,null}
2015-10-20 13:29:28,536 [Worker-14] INFO  o.e.m.c.i.l.LifecycleMappingFactory - Using org.eclipse.m2e.jdt.JarLifecycleMapping lifecycle mapping for MavenProject: com.iot.dataservice:IOTDataServiceClient:1.0.0 @ C:\Users\awmishra\Desktop\Hackathon\iot\IOTDataServiceClient\pom.xml.
2015-10-20 13:29:30,160 [Worker-15] INFO  o.e.m.c.i.l.LifecycleMappingFactory - Using org.eclipse.m2e.jdt.JarLifecycleMapping lifecycle mapping for MavenProject: com.iot.dataservice:IOTDataServiceClient:1.0.0 @ C:\Users\awmishra\Desktop\Hackathon\iot\IOTDataServiceClient\pom.xml.
2015-10-20 13:29:31,013 [Worker-14] INFO  o.e.m.j.i.AbstractJavaProjectConfigurator - Adding source folder /IOTDataServiceClient/src/main/java
2015-10-20 13:29:31,020 [Worker-14] INFO  o.e.m.j.i.AbstractJavaProjectConfigurator - Adding source folder /IOTDataServiceClient/target/generated-sources/json
2015-10-20 13:29:31,021 [Worker-14] INFO  o.e.m.j.i.AbstractJavaProjectConfigurator - Adding resource folder /IOTDataServiceClient/src/main/resources
2015-10-20 13:29:31,026 [Worker-14] INFO  o.e.m.j.i.AbstractJavaProjectConfigurator - Adding resource folder /IOTDataServiceClient/src/main/resources
2015-10-20 13:29:31,027 [Worker-14] INFO  o.e.m.j.i.AbstractJavaProjectConfigurator - Adding source folder /IOTDataServiceClient/src/test/java
2015-10-20 13:29:31,462 [Worker-14] INFO  o.e.m.c.i.p.ProjectConfigurationManager - Imported and configured 1 project(s) in 4 sec
2015-10-20 13:29:33,679 [Worker-18] INFO  o.e.m.c.i.l.LifecycleMappingFactory - Using org.eclipse.m2e.jdt.JarLifecycleMapping lifecycle mapping for MavenProject: com.iot.dataservice:IOTDataServiceClient:1.0.0 @ C:\Users\awmishra\Desktop\Hackathon\iot\IOTDataServiceClient\pom.xml.
2015-10-20 13:29:34,716 [Worker-18] INFO  o.e.m.c.i.embedder.EclipseLogger - Using 'UTF-8' encoding to copy filtered resources.
2015-10-20 13:29:34,724 [Worker-18] INFO  o.e.m.c.i.embedder.EclipseLogger - Copying 9 resources
2015-10-20 13:29:34,942 [Worker-18] INFO  o.e.m.c.i.embedder.EclipseLogger - Using 'UTF-8' encoding to copy filtered resources.
2015-10-20 13:29:34,943 [Worker-18] INFO  o.e.m.c.i.embedder.EclipseLogger - Copying 1 resource
2015-10-20 13:29:34,955 [Worker-18] INFO  o.e.m.c.i.embedder.EclipseLogger - Copying 9 resources
2015-10-20 13:29:34,985 [Worker-18] INFO  o.e.m.c.i.embedder.EclipseLogger - Using 'UTF-8' encoding to copy filtered resources.
2015-10-20 13:29:34,986 [Worker-18] INFO  o.e.m.c.i.embedder.EclipseLogger - skip non existing resourceDirectory C:\Users\awmishra\Desktop\Hackathon\iot\IOTDataServiceClient\src\test\resources
2015-10-20 13:29:37,048 [Worker-16] INFO  o.e.m.c.i.embedder.EclipseLogger - Using 'UTF-8' encoding to copy filtered resources.
2015-10-20 13:29:37,050 [Worker-16] INFO  o.e.m.c.i.embedder.EclipseLogger - Copying 0 resource
2015-10-20 13:29:37,053 [Worker-16] INFO  o.e.m.c.i.embedder.EclipseLogger - Using 'UTF-8' encoding to copy filtered resources.
2015-10-20 13:29:37,056 [Worker-16] INFO  o.e.m.c.i.embedder.EclipseLogger - Copying 1 resource
2015-10-20 13:29:37,059 [Worker-16] INFO  o.e.m.c.i.embedder.EclipseLogger - Copying 9 resources
2015-10-20 13:29:37,064 [Worker-16] INFO  o.e.m.c.i.embedder.EclipseLogger - Using 'UTF-8' encoding to copy filtered resources.
2015-10-20 13:29:37,064 [Worker-16] INFO  o.e.m.c.i.embedder.EclipseLogger - skip non existing resourceDirectory C:\Users\awmishra\Desktop\Hackathon\iot\IOTDataServiceClient\src\test\resources
2015-10-20 13:29:42,297 [Worker-18] INFO  o.e.m.c.i.embedder.EclipseLogger - Using 'UTF-8' encoding to copy filtered resources.
2015-10-20 13:29:42,298 [Worker-18] INFO  o.e.m.c.i.embedder.EclipseLogger - Copying 0 resource
2015-10-20 13:29:42,299 [Worker-18] INFO  o.e.m.c.i.embedder.EclipseLogger - Using 'UTF-8' encoding to copy filtered resources.
2015-10-20 13:29:42,300 [Worker-18] INFO  o.e.m.c.i.embedder.EclipseLogger - Copying 1 resource
2015-10-20 13:29:42,303 [Worker-18] INFO  o.e.m.c.i.embedder.EclipseLogger - Copying 9 resources
2015-10-20 13:29:42,305 [Worker-18] INFO  o.e.m.c.i.embedder.EclipseLogger - Using 'UTF-8' encoding to copy filtered resources.
2015-10-20 13:29:42,306 [Worker-18] INFO  o.e.m.c.i.embedder.EclipseLogger - skip non existing resourceDirectory C:\Users\awmishra\Desktop\Hackathon\iot\IOTDataServiceClient\src\test\resources
2015-10-20 13:37:58,072 [Worker-21] INFO  o.e.m.c.i.l.LifecycleMappingFactory - Using NULL lifecycle mapping for MavenProject: com.iot.dataservice:IOTDataServiceParent:1.0.0 @ C:\Users\awmishra\Desktop\Hackathon\iot\pom.xml.
2015-10-20 13:37:58,234 [Worker-21] INFO  o.e.m.c.i.l.LifecycleMappingFactory - Using org.eclipse.m2e.jdt.JarLifecycleMapping lifecycle mapping for MavenProject: com.iot.dataservice:IOTDataServiceClient:1.0.0 @ C:\Users\awmishra\Desktop\Hackathon\iot\IOTDataServiceClient\pom.xml.
2015-10-20 13:37:59,211 [Worker-21] INFO  o.e.m.j.i.AbstractJavaProjectConfigurator - Adding source folder /IOTDataServiceClient/src/main/java
2015-10-20 13:37:59,212 [Worker-21] INFO  o.e.m.j.i.AbstractJavaProjectConfigurator - Adding source folder /IOTDataServiceClient/target/generated-sources/json
2015-10-20 13:37:59,212 [Worker-21] INFO  o.e.m.j.i.AbstractJavaProjectConfigurator - Adding resource folder /IOTDataServiceClient/src/main/resources
2015-10-20 13:37:59,213 [Worker-21] INFO  o.e.m.j.i.AbstractJavaProjectConfigurator - Adding resource folder /IOTDataServiceClient/src/main/resources
2015-10-20 13:37:59,213 [Worker-21] INFO  o.e.m.j.i.AbstractJavaProjectConfigurator - Adding source folder /IOTDataServiceClient/src/test/java
2015-10-20 13:37:59,495 [Worker-21] INFO  o.e.m.c.i.p.ProjectConfigurationManager - Imported and configured 2 project(s) in 1 sec
2015-10-20 13:38:00,345 [Worker-20] INFO  o.e.m.c.i.l.LifecycleMappingFactory - Using org.eclipse.m2e.jdt.JarLifecycleMapping lifecycle mapping for MavenProject: com.iot.dataservice:IOTDataServiceClient:1.0.0 @ C:\Users\awmishra\Desktop\Hackathon\iot\IOTDataServiceClient\pom.xml.
2015-10-20 13:38:01,113 [Worker-20] INFO  o.e.m.c.i.l.LifecycleMappingFactory - Using NULL lifecycle mapping for MavenProject: com.iot.dataservice:IOTDataServiceParent:1.0.0 @ C:\Users\awmishra\Desktop\Hackathon\iot\pom.xml.
2015-10-20 13:38:01,720 [Worker-23] INFO  o.e.m.c.i.embedder.EclipseLogger - Using 'UTF-8' encoding to copy filtered resources.
2015-10-20 13:38:01,721 [Worker-23] INFO  o.e.m.c.i.embedder.EclipseLogger - Copying 9 resources
2015-10-20 13:38:02,028 [Worker-23] INFO  o.e.m.c.i.embedder.EclipseLogger - Using 'UTF-8' encoding to copy filtered resources.
2015-10-20 13:38:02,029 [Worker-23] INFO  o.e.m.c.i.embedder.EclipseLogger - Copying 1 resource
2015-10-20 13:38:02,032 [Worker-23] INFO  o.e.m.c.i.embedder.EclipseLogger - Copying 9 resources
2015-10-20 13:38:02,060 [Worker-23] INFO  o.e.m.c.i.embedder.EclipseLogger - Using 'UTF-8' encoding to copy filtered resources.
2015-10-20 13:38:02,060 [Worker-23] INFO  o.e.m.c.i.embedder.EclipseLogger - skip non existing resourceDirectory C:\Users\awmishra\Desktop\Hackathon\iot\IOTDataServiceClient\src\test\resources
2015-10-20 13:38:03,798 [Worker-23] INFO  o.e.m.c.i.embedder.EclipseLogger - Using 'UTF-8' encoding to copy filtered resources.
2015-10-20 13:38:03,799 [Worker-23] INFO  o.e.m.c.i.embedder.EclipseLogger - Copying 0 resource
2015-10-20 13:38:03,802 [Worker-23] INFO  o.e.m.c.i.embedder.EclipseLogger - Using 'UTF-8' encoding to copy filtered resources.
2015-10-20 13:38:03,802 [Worker-23] INFO  o.e.m.c.i.embedder.EclipseLogger - Copying 0 resource
2015-10-20 13:38:03,802 [Worker-23] INFO  o.e.m.c.i.embedder.EclipseLogger - Copying 0 resource
2015-10-20 13:38:03,805 [Worker-23] INFO  o.e.m.c.i.embedder.EclipseLogger - Using 'UTF-8' encoding to copy filtered resources.
2015-10-20 13:38:03,805 [Worker-23] INFO  o.e.m.c.i.embedder.EclipseLogger - skip non existing resourceDirectory C:\Users\awmishra\Desktop\Hackathon\iot\IOTDataServiceClient\src\test\resources
2015-10-20 13:38:12,268 [Worker-23] INFO  o.e.m.c.i.embedder.EclipseLogger - Using 'UTF-8' encoding to copy filtered resources.
2015-10-20 13:38:12,268 [Worker-23] INFO  o.e.m.c.i.embedder.EclipseLogger - Copying 0 resource
2015-10-20 13:38:12,270 [Worker-23] INFO  o.e.m.c.i.embedder.EclipseLogger - Using 'UTF-8' encoding to copy filtered resources.
2015-10-20 13:38:12,271 [Worker-23] INFO  o.e.m.c.i.embedder.EclipseLogger - Copying 1 resource
2015-10-20 13:38:12,273 [Worker-23] INFO  o.e.m.c.i.embedder.EclipseLogger - Copying 9 resources
2015-10-20 13:38:12,276 [Worker-23] INFO  o.e.m.c.i.embedder.EclipseLogger - Using 'UTF-8' encoding to copy filtered resources.
2015-10-20 13:38:12,276 [Worker-23] INFO  o.e.m.c.i.embedder.EclipseLogger - skip non existing resourceDirectory C:\Users\awmishra\Desktop\Hackathon\iot\IOTDataServiceClient\src\test\resources
2015-10-20 13:38:13,468 [Worker-23] INFO  o.e.m.c.i.embedder.EclipseLogger - Using 'UTF-8' encoding to copy filtered resources.
2015-10-20 13:38:13,468 [Worker-23] INFO  o.e.m.c.i.embedder.EclipseLogger - Copying 0 resource
2015-10-20 13:38:13,469 [Worker-23] INFO  o.e.m.c.i.embedder.EclipseLogger - Using 'UTF-8' encoding to copy filtered resources.
2015-10-20 13:38:13,471 [Worker-23] INFO  o.e.m.c.i.embedder.EclipseLogger - Copying 1 resource
2015-10-20 13:38:13,473 [Worker-23] INFO  o.e.m.c.i.embedder.EclipseLogger - Copying 9 resources
2015-10-20 13:38:13,475 [Worker-23] INFO  o.e.m.c.i.embedder.EclipseLogger - Using 'UTF-8' encoding to copy filtered resources.
2015-10-20 13:38:13,476 [Worker-23] INFO  o.e.m.c.i.embedder.EclipseLogger - skip non existing resourceDirectory C:\Users\awmishra\Desktop\Hackathon\iot\IOTDataServiceClient\src\test\resources
2015-10-20 13:40:52,787 [Worker-21] INFO  o.e.m.c.i.p.ProjectConfigurationManager - Update started
2015-10-20 13:40:52,971 [Worker-21] INFO  o.e.m.c.i.l.LifecycleMappingFactory - Using org.eclipse.m2e.jdt.JarLifecycleMapping lifecycle mapping for MavenProject: com.iot.dataservice:IOTDataServiceClient:1.0.0 @ C:\Users\awmishra\Desktop\Hackathon\iot\IOTDataServiceClient\pom.xml.
2015-10-20 13:40:53,742 [Worker-21] INFO  o.e.m.j.i.AbstractJavaProjectConfigurator - Adding source folder /IOTDataServiceClient/src/main/java
2015-10-20 13:40:53,743 [Worker-21] INFO  o.e.m.j.i.AbstractJavaProjectConfigurator - Adding source folder /IOTDataServiceClient/target/generated-sources/json
2015-10-20 13:40:53,743 [Worker-21] INFO  o.e.m.j.i.AbstractJavaProjectConfigurator - Adding resource folder /IOTDataServiceClient/src/main/resources
2015-10-20 13:40:53,743 [Worker-21] INFO  o.e.m.j.i.AbstractJavaProjectConfigurator - Adding resource folder /IOTDataServiceClient/src/main/resources
2015-10-20 13:40:53,744 [Worker-21] INFO  o.e.m.j.i.AbstractJavaProjectConfigurator - Adding source folder /IOTDataServiceClient/src/test/java
2015-10-20 13:40:54,020 [Worker-21] INFO  o.e.m.c.i.p.ProjectConfigurationManager - Update completed: 1 sec
2015-10-20 13:40:55,441 [Worker-20] INFO  o.e.m.c.i.embedder.EclipseLogger - Using 'UTF-8' encoding to copy filtered resources.
2015-10-20 13:40:55,442 [Worker-20] INFO  o.e.m.c.i.embedder.EclipseLogger - Copying 9 resources
2015-10-20 13:40:55,696 [Worker-20] INFO  o.e.m.c.i.embedder.EclipseLogger - Using 'UTF-8' encoding to copy filtered resources.
2015-10-20 13:40:55,697 [Worker-20] INFO  o.e.m.c.i.embedder.EclipseLogger - Copying 1 resource
2015-10-20 13:40:55,701 [Worker-20] INFO  o.e.m.c.i.embedder.EclipseLogger - Copying 9 resources
2015-10-20 13:40:55,723 [Worker-20] INFO  o.e.m.c.i.embedder.EclipseLogger - Using 'UTF-8' encoding to copy filtered resources.
2015-10-20 13:40:55,723 [Worker-20] INFO  o.e.m.c.i.embedder.EclipseLogger - skip non existing resourceDirectory C:\Users\awmishra\Desktop\Hackathon\iot\IOTDataServiceClient\src\test\resources
2015-10-20 13:40:55,996 [Worker-22] INFO  o.e.m.c.i.embedder.EclipseLogger - Using 'UTF-8' encoding to copy filtered resources.
2015-10-20 13:40:55,997 [Worker-22] INFO  o.e.m.c.i.embedder.EclipseLogger - Copying 0 resource
2015-10-20 13:40:55,999 [Worker-22] INFO  o.e.m.c.i.embedder.EclipseLogger - Using 'UTF-8' encoding to copy filtered resources.
2015-10-20 13:40:56,000 [Worker-22] INFO  o.e.m.c.i.embedder.EclipseLogger - Copying 1 resource
2015-10-20 13:40:56,003 [Worker-22] INFO  o.e.m.c.i.embedder.EclipseLogger - Copying 9 resources
2015-10-20 13:40:56,006 [Worker-22] INFO  o.e.m.c.i.embedder.EclipseLogger - Using 'UTF-8' encoding to copy filtered resources.
2015-10-20 13:40:56,007 [Worker-22] INFO  o.e.m.c.i.embedder.EclipseLogger - skip non existing resourceDirectory C:\Users\awmishra\Desktop\Hackathon\iot\IOTDataServiceClient\src\test\resources
2015-10-20 13:44:51,630 [Worker-30] INFO  o.e.m.c.i.embedder.EclipseLogger - Using 'UTF-8' encoding to copy filtered resources.
2015-10-20 13:44:51,631 [Worker-30] INFO  o.e.m.c.i.embedder.EclipseLogger - Copying 9 resources
2015-10-20 13:44:52,283 [Worker-30] INFO  o.e.m.c.i.embedder.EclipseLogger - Using 'UTF-8' encoding to copy filtered resources.
2015-10-20 13:44:52,284 [Worker-30] INFO  o.e.m.c.i.embedder.EclipseLogger - Copying 1 resource
2015-10-20 13:44:52,287 [Worker-30] INFO  o.e.m.c.i.embedder.EclipseLogger - Copying 9 resources
2015-10-20 13:44:52,303 [Worker-30] INFO  o.e.m.c.i.embedder.EclipseLogger - Using 'UTF-8' encoding to copy filtered resources.
2015-10-20 13:44:52,303 [Worker-30] INFO  o.e.m.c.i.embedder.EclipseLogger - skip non existing resourceDirectory C:\Users\awmishra\Desktop\Hackathon\iot\IOTDataServiceClient\src\test\resources
2015-10-20 13:46:32,594 [Worker-38] INFO  o.e.m.c.i.embedder.EclipseLogger - Using 'UTF-8' encoding to copy filtered resources.
2015-10-20 13:46:32,594 [Worker-38] INFO  o.e.m.c.i.embedder.EclipseLogger - Copying 0 resource
2015-10-20 13:46:32,596 [Worker-38] INFO  o.e.m.c.i.embedder.EclipseLogger - Using 'UTF-8' encoding to copy filtered resources.
2015-10-20 13:46:32,598 [Worker-38] INFO  o.e.m.c.i.embedder.EclipseLogger - Copying 1 resource
2015-10-20 13:46:32,601 [Worker-38] INFO  o.e.m.c.i.embedder.EclipseLogger - Copying 9 resources
2015-10-20 13:46:32,603 [Worker-38] INFO  o.e.m.c.i.embedder.EclipseLogger - Using 'UTF-8' encoding to copy filtered resources.
2015-10-20 13:46:32,603 [Worker-38] INFO  o.e.m.c.i.embedder.EclipseLogger - skip non existing resourceDirectory C:\Users\awmishra\Desktop\Hackathon\iot\IOTDataServiceClient\src\test\resources
2015-10-20 13:47:33,474 [Worker-39] INFO  o.e.m.c.i.e.AbstractTransferListenerAdapter - Downloading http://repo.maven.apache.org/maven2/commons-httpclient/commons-httpclient/3.1/commons-httpclient-3.1-sources.jar
2015-10-20 13:47:36,065 [Worker-39] INFO  o.e.m.c.i.e.AbstractTransferListenerAdapter - Downloaded http://repo.maven.apache.org/maven2/commons-httpclient/commons-httpclient/3.1/commons-httpclient-3.1-sources.jar
2015-10-20 13:47:36,115 [Worker-39] INFO  o.e.m.j.internal.DownloadSourcesJob - Downloaded sources for commons-httpclient:commons-httpclient:3.1
2015-10-20 13:47:36,258 [Worker-39] INFO  o.e.m.c.i.e.AbstractTransferListenerAdapter - Downloading http://repo.maven.apache.org/maven2/commons-logging/commons-logging/1.0.4/commons-logging-1.0.4-sources.jar
2015-10-20 13:47:38,679 [Worker-39] INFO  o.e.m.c.i.e.AbstractTransferListenerAdapter - Downloaded http://repo.maven.apache.org/maven2/commons-logging/commons-logging/1.0.4/commons-logging-1.0.4-sources.jar
2015-10-20 13:47:38,740 [Worker-39] INFO  o.e.m.j.internal.DownloadSourcesJob - Downloaded sources for commons-logging:commons-logging:1.0.4
2015-10-20 13:47:38,870 [Worker-39] INFO  o.e.m.c.i.e.AbstractTransferListenerAdapter - Downloaded http://repo.maven.apache.org/maven2/commons-codec/commons-codec/1.2/commons-codec-1.2-sources.jar
2015-10-20 13:47:38,899 [Worker-39] ERROR o.e.m.j.internal.DownloadSourcesJob - Could not download sources for commons-codec:commons-codec:1.2
org.eclipse.core.runtime.CoreException: Could not resolve artifact commons-codec:commons-codec:jar:sources:1.2
	at org.eclipse.m2e.core.internal.embedder.MavenImpl$5.call(MavenImpl.java:769) ~[org.eclipse.m2e.core_1.5.1.20150109-1820.jar:na]
	at org.eclipse.m2e.core.internal.embedder.MavenImpl$5.call(MavenImpl.java:1) ~[org.eclipse.m2e.core_1.5.1.20150109-1820.jar:na]
	at org.eclipse.m2e.core.internal.embedder.MavenExecutionContext.executeBare(MavenExecutionContext.java:166) [org.eclipse.m2e.core_1.5.1.20150109-1820.jar:na]
	at org.eclipse.m2e.core.internal.embedder.MavenExecutionContext.execute(MavenExecutionContext.java:109) [org.eclipse.m2e.core_1.5.1.20150109-1820.jar:na]
	at org.eclipse.m2e.core.internal.embedder.MavenExecutionContext.execute(MavenExecutionContext.java:96) [org.eclipse.m2e.core_1.5.1.20150109-1820.jar:na]
	at org.eclipse.m2e.core.internal.embedder.MavenImpl.resolve(MavenImpl.java:736) [org.eclipse.m2e.core_1.5.1.20150109-1820.jar:na]
	at org.eclipse.m2e.core.internal.embedder.MavenImpl.resolve(MavenImpl.java:713) [org.eclipse.m2e.core_1.5.1.20150109-1820.jar:na]
	at org.eclipse.m2e.jdt.internal.DownloadSourcesJob.download(DownloadSourcesJob.java:244) [org.eclipse.m2e.jdt_1.5.1.20150109-1820.jar:na]
	at org.eclipse.m2e.jdt.internal.DownloadSourcesJob.downloadAttachments(DownloadSourcesJob.java:223) [org.eclipse.m2e.jdt_1.5.1.20150109-1820.jar:na]
	at org.eclipse.m2e.jdt.internal.DownloadSourcesJob.downloadMaven(DownloadSourcesJob.java:197) [org.eclipse.m2e.jdt_1.5.1.20150109-1820.jar:na]
	at org.eclipse.m2e.jdt.internal.DownloadSourcesJob.run(DownloadSourcesJob.java:153) [org.eclipse.m2e.jdt_1.5.1.20150109-1820.jar:na]
	at org.eclipse.m2e.jdt.internal.DownloadSourcesJob$1.call(DownloadSourcesJob.java:136) [org.eclipse.m2e.jdt_1.5.1.20150109-1820.jar:na]
	at org.eclipse.m2e.jdt.internal.DownloadSourcesJob$1.call(DownloadSourcesJob.java:1) [org.eclipse.m2e.jdt_1.5.1.20150109-1820.jar:na]
	at org.eclipse.m2e.core.internal.embedder.MavenExecutionContext.executeBare(MavenExecutionContext.java:166) [org.eclipse.m2e.core_1.5.1.20150109-1820.jar:na]
	at org.eclipse.m2e.core.internal.embedder.MavenExecutionContext.execute(MavenExecutionContext.java:142) [org.eclipse.m2e.core_1.5.1.20150109-1820.jar:na]
	at org.eclipse.m2e.core.internal.embedder.MavenExecutionContext.execute(MavenExecutionContext.java:96) [org.eclipse.m2e.core_1.5.1.20150109-1820.jar:na]
	at org.eclipse.m2e.core.internal.embedder.MavenImpl.execute(MavenImpl.java:1348) [org.eclipse.m2e.core_1.5.1.20150109-1820.jar:na]
	at org.eclipse.m2e.jdt.internal.DownloadSourcesJob.run(DownloadSourcesJob.java:134) [org.eclipse.m2e.jdt_1.5.1.20150109-1820.jar:na]
	at org.eclipse.core.internal.jobs.Worker.run(Worker.java:54) [org.eclipse.core.jobs_3.6.1.v20141014-1248.jar:na]
2015-10-20 13:47:39,182 [Worker-39] INFO  o.e.m.c.i.e.AbstractTransferListenerAdapter - Downloaded http://repo.maven.apache.org/maven2/mysql/mysql-connector-java/5.1.9/mysql-connector-java-5.1.9-sources.jar
2015-10-20 13:47:39,187 [Worker-39] ERROR o.e.m.j.internal.DownloadSourcesJob - Could not download sources for mysql:mysql-connector-java:5.1.9
org.eclipse.core.runtime.CoreException: Could not resolve artifact mysql:mysql-connector-java:jar:sources:5.1.9
	at org.eclipse.m2e.core.internal.embedder.MavenImpl$5.call(MavenImpl.java:769) ~[org.eclipse.m2e.core_1.5.1.20150109-1820.jar:na]
	at org.eclipse.m2e.core.internal.embedder.MavenImpl$5.call(MavenImpl.java:1) ~[org.eclipse.m2e.core_1.5.1.20150109-1820.jar:na]
	at org.eclipse.m2e.core.internal.embedder.MavenExecutionContext.executeBare(MavenExecutionContext.java:166) [org.eclipse.m2e.core_1.5.1.20150109-1820.jar:na]
	at org.eclipse.m2e.core.internal.embedder.MavenExecutionContext.execute(MavenExecutionContext.java:109) [org.eclipse.m2e.core_1.5.1.20150109-1820.jar:na]
	at org.eclipse.m2e.core.internal.embedder.MavenExecutionContext.execute(MavenExecutionContext.java:96) [org.eclipse.m2e.core_1.5.1.20150109-1820.jar:na]
	at org.eclipse.m2e.core.internal.embedder.MavenImpl.resolve(MavenImpl.java:736) [org.eclipse.m2e.core_1.5.1.20150109-1820.jar:na]
	at org.eclipse.m2e.core.internal.embedder.MavenImpl.resolve(MavenImpl.java:713) [org.eclipse.m2e.core_1.5.1.20150109-1820.jar:na]
	at org.eclipse.m2e.jdt.internal.DownloadSourcesJob.download(DownloadSourcesJob.java:244) [org.eclipse.m2e.jdt_1.5.1.20150109-1820.jar:na]
	at org.eclipse.m2e.jdt.internal.DownloadSourcesJob.downloadAttachments(DownloadSourcesJob.java:223) [org.eclipse.m2e.jdt_1.5.1.20150109-1820.jar:na]
	at org.eclipse.m2e.jdt.internal.DownloadSourcesJob.downloadMaven(DownloadSourcesJob.java:197) [org.eclipse.m2e.jdt_1.5.1.20150109-1820.jar:na]
	at org.eclipse.m2e.jdt.internal.DownloadSourcesJob.run(DownloadSourcesJob.java:153) [org.eclipse.m2e.jdt_1.5.1.20150109-1820.jar:na]
	at org.eclipse.m2e.jdt.internal.DownloadSourcesJob$1.call(DownloadSourcesJob.java:136) [org.eclipse.m2e.jdt_1.5.1.20150109-1820.jar:na]
	at org.eclipse.m2e.jdt.internal.DownloadSourcesJob$1.call(DownloadSourcesJob.java:1) [org.eclipse.m2e.jdt_1.5.1.20150109-1820.jar:na]
	at org.eclipse.m2e.core.internal.embedder.MavenExecutionContext.executeBare(MavenExecutionContext.java:166) [org.eclipse.m2e.core_1.5.1.20150109-1820.jar:na]
	at org.eclipse.m2e.core.internal.embedder.MavenExecutionContext.execute(MavenExecutionContext.java:142) [org.eclipse.m2e.core_1.5.1.20150109-1820.jar:na]
	at org.eclipse.m2e.core.internal.embedder.MavenExecutionContext.execute(MavenExecutionContext.java:96) [org.eclipse.m2e.core_1.5.1.20150109-1820.jar:na]
	at org.eclipse.m2e.core.internal.embedder.MavenImpl.execute(MavenImpl.java:1348) [org.eclipse.m2e.core_1.5.1.20150109-1820.jar:na]
	at org.eclipse.m2e.jdt.internal.DownloadSourcesJob.run(DownloadSourcesJob.java:134) [org.eclipse.m2e.jdt_1.5.1.20150109-1820.jar:na]
	at org.eclipse.core.internal.jobs.Worker.run(Worker.java:54) [org.eclipse.core.jobs_3.6.1.v20141014-1248.jar:na]
2015-10-20 13:47:39,451 [Worker-39] INFO  o.e.m.c.i.e.AbstractTransferListenerAdapter - Downloading http://repo.maven.apache.org/maven2/org/springframework/boot/spring-boot-starter-data-jpa/1.2.3.RELEASE/spring-boot-starter-data-jpa-1.2.3.RELEASE-sources.jar
2015-10-20 13:47:39,790 [Worker-39] INFO  o.e.m.c.i.e.AbstractTransferListenerAdapter - Downloaded http://repo.maven.apache.org/maven2/org/springframework/boot/spring-boot-starter-data-jpa/1.2.3.RELEASE/spring-boot-starter-data-jpa-1.2.3.RELEASE-sources.jar
2015-10-20 13:47:39,863 [Worker-39] INFO  o.e.m.j.internal.DownloadSourcesJob - Downloaded sources for org.springframework.boot:spring-boot-starter-data-jpa:1.2.3.RELEASE
2015-10-20 13:47:39,998 [Worker-39] INFO  o.e.m.c.i.e.AbstractTransferListenerAdapter - Downloading http://repo.maven.apache.org/maven2/org/springframework/boot/spring-boot-starter/1.2.3.RELEASE/spring-boot-starter-1.2.3.RELEASE-sources.jar
2015-10-20 13:47:40,324 [Worker-39] INFO  o.e.m.c.i.e.AbstractTransferListenerAdapter - Downloaded http://repo.maven.apache.org/maven2/org/springframework/boot/spring-boot-starter/1.2.3.RELEASE/spring-boot-starter-1.2.3.RELEASE-sources.jar
2015-10-20 13:47:40,367 [Worker-39] INFO  o.e.m.j.internal.DownloadSourcesJob - Downloaded sources for org.springframework.boot:spring-boot-starter:1.2.3.RELEASE
2015-10-20 13:47:40,500 [Worker-39] INFO  o.e.m.c.i.e.AbstractTransferListenerAdapter - Downloading http://repo.maven.apache.org/maven2/org/springframework/boot/spring-boot/1.2.3.RELEASE/spring-boot-1.2.3.RELEASE-sources.jar
2015-10-20 13:47:44,533 [Worker-39] INFO  o.e.m.c.i.e.AbstractTransferListenerAdapter - Downloaded http://repo.maven.apache.org/maven2/org/springframework/boot/spring-boot/1.2.3.RELEASE/spring-boot-1.2.3.RELEASE-sources.jar
2015-10-20 13:47:44,581 [Worker-39] INFO  o.e.m.j.internal.DownloadSourcesJob - Downloaded sources for org.springframework.boot:spring-boot:1.2.3.RELEASE
2015-10-20 13:47:44,711 [Worker-39] INFO  o.e.m.c.i.e.AbstractTransferListenerAdapter - Downloading http://repo.maven.apache.org/maven2/org/springframework/boot/spring-boot-autoconfigure/1.2.3.RELEASE/spring-boot-autoconfigure-1.2.3.RELEASE-sources.jar
2015-10-20 13:47:47,007 [Worker-39] INFO  o.e.m.c.i.e.AbstractTransferListenerAdapter - Downloaded http://repo.maven.apache.org/maven2/org/springframework/boot/spring-boot-autoconfigure/1.2.3.RELEASE/spring-boot-autoconfigure-1.2.3.RELEASE-sources.jar
2015-10-20 13:47:47,077 [Worker-39] INFO  o.e.m.j.internal.DownloadSourcesJob - Downloaded sources for org.springframework.boot:spring-boot-autoconfigure:1.2.3.RELEASE
2015-10-20 13:47:47,213 [Worker-39] INFO  o.e.m.c.i.e.AbstractTransferListenerAdapter - Downloading http://repo.maven.apache.org/maven2/org/springframework/boot/spring-boot-starter-logging/1.2.3.RELEASE/spring-boot-starter-logging-1.2.3.RELEASE-sources.jar
2015-10-20 13:47:47,546 [Worker-39] INFO  o.e.m.c.i.e.AbstractTransferListenerAdapter - Downloaded http://repo.maven.apache.org/maven2/org/springframework/boot/spring-boot-starter-logging/1.2.3.RELEASE/spring-boot-starter-logging-1.2.3.RELEASE-sources.jar
2015-10-20 13:47:47,569 [Worker-39] INFO  o.e.m.j.internal.DownloadSourcesJob - Downloaded sources for org.springframework.boot:spring-boot-starter-logging:1.2.3.RELEASE
2015-10-20 13:47:47,710 [Worker-39] INFO  o.e.m.c.i.e.AbstractTransferListenerAdapter - Downloading http://repo.maven.apache.org/maven2/org/slf4j/jul-to-slf4j/1.7.11/jul-to-slf4j-1.7.11-sources.jar
2015-10-20 13:47:48,147 [Worker-39] INFO  o.e.m.c.i.e.AbstractTransferListenerAdapter - Downloaded http://repo.maven.apache.org/maven2/org/slf4j/jul-to-slf4j/1.7.11/jul-to-slf4j-1.7.11-sources.jar
2015-10-20 13:47:48,178 [Worker-39] INFO  o.e.m.j.internal.DownloadSourcesJob - Downloaded sources for org.slf4j:jul-to-slf4j:1.7.11
2015-10-20 13:47:48,309 [Worker-39] INFO  o.e.m.c.i.e.AbstractTransferListenerAdapter - Downloading http://repo.maven.apache.org/maven2/org/slf4j/log4j-over-slf4j/1.7.11/log4j-over-slf4j-1.7.11-sources.jar
2015-10-20 13:47:48,774 [Worker-39] INFO  o.e.m.c.i.e.AbstractTransferListenerAdapter - Downloaded http://repo.maven.apache.org/maven2/org/slf4j/log4j-over-slf4j/1.7.11/log4j-over-slf4j-1.7.11-sources.jar
2015-10-20 13:47:48,803 [Worker-39] INFO  o.e.m.j.internal.DownloadSourcesJob - Downloaded sources for org.slf4j:log4j-over-slf4j:1.7.11
2015-10-20 13:47:48,938 [Worker-39] INFO  o.e.m.c.i.e.AbstractTransferListenerAdapter - Downloading http://repo.maven.apache.org/maven2/ch/qos/logback/logback-classic/1.1.3/logback-classic-1.1.3-sources.jar
2015-10-20 13:47:49,935 [Worker-39] INFO  o.e.m.c.i.e.AbstractTransferListenerAdapter - Downloaded http://repo.maven.apache.org/maven2/ch/qos/logback/logback-classic/1.1.3/logback-classic-1.1.3-sources.jar
2015-10-20 13:47:50,072 [Worker-39] INFO  o.e.m.j.internal.DownloadSourcesJob - Downloaded sources for ch.qos.logback:logback-classic:1.1.3
2015-10-20 13:47:50,207 [Worker-39] INFO  o.e.m.c.i.e.AbstractTransferListenerAdapter - Downloading http://repo.maven.apache.org/maven2/ch/qos/logback/logback-core/1.1.3/logback-core-1.1.3-sources.jar
2015-10-20 13:47:53,224 [Worker-39] INFO  o.e.m.c.i.e.AbstractTransferListenerAdapter - Downloaded http://repo.maven.apache.org/maven2/ch/qos/logback/logback-core/1.1.3/logback-core-1.1.3-sources.jar
2015-10-20 13:47:53,259 [Worker-39] INFO  o.e.m.j.internal.DownloadSourcesJob - Downloaded sources for ch.qos.logback:logback-core:1.1.3
2015-10-20 13:47:53,391 [Worker-39] INFO  o.e.m.c.i.e.AbstractTransferListenerAdapter - Downloading http://repo.maven.apache.org/maven2/org/yaml/snakeyaml/1.14/snakeyaml-1.14-sources.jar
2015-10-20 13:47:56,995 [Worker-39] INFO  o.e.m.c.i.e.AbstractTransferListenerAdapter - Downloaded http://repo.maven.apache.org/maven2/org/yaml/snakeyaml/1.14/snakeyaml-1.14-sources.jar
2015-10-20 13:47:57,028 [Worker-39] INFO  o.e.m.j.internal.DownloadSourcesJob - Downloaded sources for org.yaml:snakeyaml:1.14
2015-10-20 13:47:57,164 [Worker-39] INFO  o.e.m.c.i.e.AbstractTransferListenerAdapter - Downloading http://repo.maven.apache.org/maven2/org/springframework/boot/spring-boot-starter-aop/1.2.3.RELEASE/spring-boot-starter-aop-1.2.3.RELEASE-sources.jar
2015-10-20 13:47:57,492 [Worker-39] INFO  o.e.m.c.i.e.AbstractTransferListenerAdapter - Downloaded http://repo.maven.apache.org/maven2/org/springframework/boot/spring-boot-starter-aop/1.2.3.RELEASE/spring-boot-starter-aop-1.2.3.RELEASE-sources.jar
2015-10-20 13:47:57,521 [Worker-39] INFO  o.e.m.j.internal.DownloadSourcesJob - Downloaded sources for org.springframework.boot:spring-boot-starter-aop:1.2.3.RELEASE
2015-10-20 13:47:57,652 [Worker-39] INFO  o.e.m.c.i.e.AbstractTransferListenerAdapter - Downloading http://repo.maven.apache.org/maven2/org/aspectj/aspectjrt/1.8.5/aspectjrt-1.8.5-sources.jar
2015-10-20 13:47:58,843 [Worker-39] INFO  o.e.m.c.i.e.AbstractTransferListenerAdapter - Downloaded http://repo.maven.apache.org/maven2/org/aspectj/aspectjrt/1.8.5/aspectjrt-1.8.5-sources.jar
2015-10-20 13:47:58,923 [Worker-39] INFO  o.e.m.j.internal.DownloadSourcesJob - Downloaded sources for org.aspectj:aspectjrt:1.8.5
2015-10-20 13:47:59,103 [Worker-39] INFO  o.e.m.c.i.e.AbstractTransferListenerAdapter - Downloading http://repo.maven.apache.org/maven2/org/aspectj/aspectjweaver/1.8.5/aspectjweaver-1.8.5-sources.jar
2015-10-20 13:48:09,283 [Worker-39] INFO  o.e.m.c.i.e.AbstractTransferListenerAdapter - Downloaded http://repo.maven.apache.org/maven2/org/aspectj/aspectjweaver/1.8.5/aspectjweaver-1.8.5-sources.jar
2015-10-20 13:48:09,333 [Worker-39] INFO  o.e.m.j.internal.DownloadSourcesJob - Downloaded sources for org.aspectj:aspectjweaver:1.8.5
2015-10-20 13:48:09,465 [Worker-39] INFO  o.e.m.c.i.e.AbstractTransferListenerAdapter - Downloading http://repo.maven.apache.org/maven2/org/springframework/spring-core/4.1.6.RELEASE/spring-core-4.1.6.RELEASE-sources.jar
2015-10-20 13:48:12,142 [Worker-39] INFO  o.e.m.c.i.e.AbstractTransferListenerAdapter - Downloaded http://repo.maven.apache.org/maven2/org/springframework/spring-core/4.1.6.RELEASE/spring-core-4.1.6.RELEASE-sources.jar
2015-10-20 13:48:12,183 [Worker-39] INFO  o.e.m.j.internal.DownloadSourcesJob - Downloaded sources for org.springframework:spring-core:4.1.6.RELEASE
2015-10-20 13:48:12,321 [Worker-39] INFO  o.e.m.c.i.e.AbstractTransferListenerAdapter - Downloading http://repo.maven.apache.org/maven2/org/springframework/boot/spring-boot-starter-jdbc/1.2.3.RELEASE/spring-boot-starter-jdbc-1.2.3.RELEASE-sources.jar
2015-10-20 13:48:13,642 [Worker-39] INFO  o.e.m.c.i.e.AbstractTransferListenerAdapter - Downloaded http://repo.maven.apache.org/maven2/org/springframework/boot/spring-boot-starter-jdbc/1.2.3.RELEASE/spring-boot-starter-jdbc-1.2.3.RELEASE-sources.jar
2015-10-20 13:48:13,674 [Worker-39] INFO  o.e.m.j.internal.DownloadSourcesJob - Downloaded sources for org.springframework.boot:spring-boot-starter-jdbc:1.2.3.RELEASE
2015-10-20 13:48:13,886 [Worker-39] INFO  o.e.m.c.i.e.AbstractTransferListenerAdapter - Downloading http://repo.maven.apache.org/maven2/org/springframework/spring-jdbc/4.1.6.RELEASE/spring-jdbc-4.1.6.RELEASE-sources.jar
2015-10-20 13:48:17,120 [Worker-39] INFO  o.e.m.c.i.e.AbstractTransferListenerAdapter - Downloaded http://repo.maven.apache.org/maven2/org/springframework/spring-jdbc/4.1.6.RELEASE/spring-jdbc-4.1.6.RELEASE-sources.jar
2015-10-20 13:48:17,160 [Worker-39] INFO  o.e.m.j.internal.DownloadSourcesJob - Downloaded sources for org.springframework:spring-jdbc:4.1.6.RELEASE
2015-10-20 13:48:17,409 [Worker-39] INFO  o.e.m.c.i.e.AbstractTransferListenerAdapter - Downloading http://repo.maven.apache.org/maven2/org/apache/tomcat/tomcat-jdbc/8.0.20/tomcat-jdbc-8.0.20-sources.jar
2015-10-20 13:48:18,267 [Worker-39] INFO  o.e.m.c.i.e.AbstractTransferListenerAdapter - Downloaded http://repo.maven.apache.org/maven2/org/apache/tomcat/tomcat-jdbc/8.0.20/tomcat-jdbc-8.0.20-sources.jar
2015-10-20 13:48:18,301 [Worker-39] INFO  o.e.m.j.internal.DownloadSourcesJob - Downloaded sources for org.apache.tomcat:tomcat-jdbc:8.0.20
2015-10-20 13:48:18,463 [Worker-39] INFO  o.e.m.c.i.e.AbstractTransferListenerAdapter - Downloading http://repo.maven.apache.org/maven2/org/apache/tomcat/tomcat-juli/8.0.20/tomcat-juli-8.0.20-sources.jar
2015-10-20 13:48:18,974 [Worker-39] INFO  o.e.m.c.i.e.AbstractTransferListenerAdapter - Downloaded http://repo.maven.apache.org/maven2/org/apache/tomcat/tomcat-juli/8.0.20/tomcat-juli-8.0.20-sources.jar
2015-10-20 13:48:19,020 [Worker-39] INFO  o.e.m.j.internal.DownloadSourcesJob - Downloaded sources for org.apache.tomcat:tomcat-juli:8.0.20
2015-10-20 13:48:19,151 [Worker-39] INFO  o.e.m.c.i.e.AbstractTransferListenerAdapter - Downloading http://repo.maven.apache.org/maven2/org/springframework/spring-tx/4.1.6.RELEASE/spring-tx-4.1.6.RELEASE-sources.jar
2015-10-20 13:48:20,663 [Worker-39] INFO  o.e.m.c.i.e.AbstractTransferListenerAdapter - Downloaded http://repo.maven.apache.org/maven2/org/springframework/spring-tx/4.1.6.RELEASE/spring-tx-4.1.6.RELEASE-sources.jar
2015-10-20 13:48:20,698 [Worker-39] INFO  o.e.m.j.internal.DownloadSourcesJob - Downloaded sources for org.springframework:spring-tx:4.1.6.RELEASE
2015-10-20 13:48:20,929 [Worker-39] INFO  o.e.m.c.i.e.AbstractTransferListenerAdapter - Downloading http://repo.maven.apache.org/maven2/org/hibernate/hibernate-entitymanager/4.3.8.Final/hibernate-entitymanager-4.3.8.Final-sources.jar
2015-10-20 13:48:22,666 [Worker-39] INFO  o.e.m.c.i.e.AbstractTransferListenerAdapter - Downloaded http://repo.maven.apache.org/maven2/org/hibernate/hibernate-entitymanager/4.3.8.Final/hibernate-entitymanager-4.3.8.Final-sources.jar
2015-10-20 13:48:22,705 [Worker-39] INFO  o.e.m.j.internal.DownloadSourcesJob - Downloaded sources for org.hibernate:hibernate-entitymanager:4.3.8.Final
2015-10-20 13:48:22,836 [Worker-39] INFO  o.e.m.c.i.e.AbstractTransferListenerAdapter - Downloading http://repo.maven.apache.org/maven2/org/jboss/logging/jboss-logging/3.1.3.GA/jboss-logging-3.1.3.GA-sources.jar
2015-10-20 13:48:23,384 [Worker-39] INFO  o.e.m.c.i.e.AbstractTransferListenerAdapter - Downloaded http://repo.maven.apache.org/maven2/org/jboss/logging/jboss-logging/3.1.3.GA/jboss-logging-3.1.3.GA-sources.jar
2015-10-20 13:48:23,437 [Worker-39] INFO  o.e.m.j.internal.DownloadSourcesJob - Downloaded sources for org.jboss.logging:jboss-logging:3.1.3.GA
2015-10-20 13:48:23,596 [Worker-39] INFO  o.e.m.c.i.e.AbstractTransferListenerAdapter - Downloading http://repo.maven.apache.org/maven2/org/jboss/logging/jboss-logging-annotations/1.2.0.Beta1/jboss-logging-annotations-1.2.0.Beta1-sources.jar
2015-10-20 13:48:24,016 [Worker-39] INFO  o.e.m.c.i.e.AbstractTransferListenerAdapter - Downloaded http://repo.maven.apache.org/maven2/org/jboss/logging/jboss-logging-annotations/1.2.0.Beta1/jboss-logging-annotations-1.2.0.Beta1-sources.jar
2015-10-20 13:48:24,059 [Worker-39] INFO  o.e.m.j.internal.DownloadSourcesJob - Downloaded sources for org.jboss.logging:jboss-logging-annotations:1.2.0.Beta1
2015-10-20 13:48:24,452 [Worker-39] INFO  o.e.m.c.i.e.AbstractTransferListenerAdapter - Downloading http://repo.maven.apache.org/maven2/org/hibernate/hibernate-core/4.3.8.Final/hibernate-core-4.3.8.Final-sources.jar
2015-10-20 13:48:47,779 [Worker-39] INFO  o.e.m.c.i.e.AbstractTransferListenerAdapter - Downloaded http://repo.maven.apache.org/maven2/org/hibernate/hibernate-core/4.3.8.Final/hibernate-core-4.3.8.Final-sources.jar
2015-10-20 13:48:47,804 [Worker-39] INFO  o.e.m.j.internal.DownloadSourcesJob - Downloaded sources for org.hibernate:hibernate-core:4.3.8.Final
2015-10-20 13:48:47,936 [Worker-39] INFO  o.e.m.c.i.e.AbstractTransferListenerAdapter - Downloaded http://repo.maven.apache.org/maven2/antlr/antlr/2.7.7/antlr-2.7.7-sources.jar
2015-10-20 13:48:47,940 [Worker-39] ERROR o.e.m.j.internal.DownloadSourcesJob - Could not download sources for antlr:antlr:2.7.7
org.eclipse.core.runtime.CoreException: Could not resolve artifact antlr:antlr:jar:sources:2.7.7
	at org.eclipse.m2e.core.internal.embedder.MavenImpl$5.call(MavenImpl.java:769) ~[org.eclipse.m2e.core_1.5.1.20150109-1820.jar:na]
	at org.eclipse.m2e.core.internal.embedder.MavenImpl$5.call(MavenImpl.java:1) ~[org.eclipse.m2e.core_1.5.1.20150109-1820.jar:na]
	at org.eclipse.m2e.core.internal.embedder.MavenExecutionContext.executeBare(MavenExecutionContext.java:166) [org.eclipse.m2e.core_1.5.1.20150109-1820.jar:na]
	at org.eclipse.m2e.core.internal.embedder.MavenExecutionContext.execute(MavenExecutionContext.java:109) [org.eclipse.m2e.core_1.5.1.20150109-1820.jar:na]
	at org.eclipse.m2e.core.internal.embedder.MavenExecutionContext.execute(MavenExecutionContext.java:96) [org.eclipse.m2e.core_1.5.1.20150109-1820.jar:na]
	at org.eclipse.m2e.core.internal.embedder.MavenImpl.resolve(MavenImpl.java:736) [org.eclipse.m2e.core_1.5.1.20150109-1820.jar:na]
	at org.eclipse.m2e.core.internal.embedder.MavenImpl.resolve(MavenImpl.java:713) [org.eclipse.m2e.core_1.5.1.20150109-1820.jar:na]
	at org.eclipse.m2e.jdt.internal.DownloadSourcesJob.download(DownloadSourcesJob.java:244) [org.eclipse.m2e.jdt_1.5.1.20150109-1820.jar:na]
	at org.eclipse.m2e.jdt.internal.DownloadSourcesJob.downloadAttachments(DownloadSourcesJob.java:223) [org.eclipse.m2e.jdt_1.5.1.20150109-1820.jar:na]
	at org.eclipse.m2e.jdt.internal.DownloadSourcesJob.downloadMaven(DownloadSourcesJob.java:197) [org.eclipse.m2e.jdt_1.5.1.20150109-1820.jar:na]
	at org.eclipse.m2e.jdt.internal.DownloadSourcesJob.run(DownloadSourcesJob.java:153) [org.eclipse.m2e.jdt_1.5.1.20150109-1820.jar:na]
	at org.eclipse.m2e.jdt.internal.DownloadSourcesJob$1.call(DownloadSourcesJob.java:136) [org.eclipse.m2e.jdt_1.5.1.20150109-1820.jar:na]
	at org.eclipse.m2e.jdt.internal.DownloadSourcesJob$1.call(DownloadSourcesJob.java:1) [org.eclipse.m2e.jdt_1.5.1.20150109-1820.jar:na]
	at org.eclipse.m2e.core.internal.embedder.MavenExecutionContext.executeBare(MavenExecutionContext.java:166) [org.eclipse.m2e.core_1.5.1.20150109-1820.jar:na]
	at org.eclipse.m2e.core.internal.embedder.MavenExecutionContext.execute(MavenExecutionContext.java:142) [org.eclipse.m2e.core_1.5.1.20150109-1820.jar:na]
	at org.eclipse.m2e.core.internal.embedder.MavenExecutionContext.execute(MavenExecutionContext.java:96) [org.eclipse.m2e.core_1.5.1.20150109-1820.jar:na]
	at org.eclipse.m2e.core.internal.embedder.MavenImpl.execute(MavenImpl.java:1348) [org.eclipse.m2e.core_1.5.1.20150109-1820.jar:na]
	at org.eclipse.m2e.jdt.internal.DownloadSourcesJob.run(DownloadSourcesJob.java:134) [org.eclipse.m2e.jdt_1.5.1.20150109-1820.jar:na]
	at org.eclipse.core.internal.jobs.Worker.run(Worker.java:54) [org.eclipse.core.jobs_3.6.1.v20141014-1248.jar:na]
2015-10-20 13:48:48,440 [Worker-39] INFO  o.e.m.c.i.e.AbstractTransferListenerAdapter - Downloading http://repo.maven.apache.org/maven2/org/jboss/jandex/1.1.0.Final/jandex-1.1.0.Final-sources.jar
2015-10-20 13:48:49,209 [Worker-39] INFO  o.e.m.c.i.e.AbstractTransferListenerAdapter - Downloaded http://repo.maven.apache.org/maven2/org/jboss/jandex/1.1.0.Final/jandex-1.1.0.Final-sources.jar
2015-10-20 13:48:49,251 [Worker-39] INFO  o.e.m.j.internal.DownloadSourcesJob - Downloaded sources for org.jboss:jandex:1.1.0.Final
2015-10-20 13:48:49,411 [Worker-39] INFO  o.e.m.c.i.e.AbstractTransferListenerAdapter - Downloading http://repo.maven.apache.org/maven2/dom4j/dom4j/1.6.1/dom4j-1.6.1-sources.jar
2015-10-20 13:48:51,886 [Worker-39] INFO  o.e.m.c.i.e.AbstractTransferListenerAdapter - Downloaded http://repo.maven.apache.org/maven2/dom4j/dom4j/1.6.1/dom4j-1.6.1-sources.jar
2015-10-20 13:48:51,981 [Worker-39] INFO  o.e.m.j.internal.DownloadSourcesJob - Downloaded sources for dom4j:dom4j:1.6.1
2015-10-20 13:48:52,141 [Worker-39] INFO  o.e.m.c.i.e.AbstractTransferListenerAdapter - Downloading http://repo.maven.apache.org/maven2/xml-apis/xml-apis/1.0.b2/xml-apis-1.0.b2-sources.jar
2015-10-20 13:48:55,449 [Worker-39] INFO  o.e.m.c.i.e.AbstractTransferListenerAdapter - Downloaded http://repo.maven.apache.org/maven2/xml-apis/xml-apis/1.0.b2/xml-apis-1.0.b2-sources.jar
2015-10-20 13:48:55,516 [Worker-39] INFO  o.e.m.j.internal.DownloadSourcesJob - Downloaded sources for xml-apis:xml-apis:1.0.b2
2015-10-20 13:48:55,806 [Worker-39] INFO  o.e.m.c.i.e.AbstractTransferListenerAdapter - Downloading http://repo.maven.apache.org/maven2/org/hibernate/common/hibernate-commons-annotations/4.0.5.Final/hibernate-commons-annotations-4.0.5.Final-sources.jar
2015-10-20 13:48:56,442 [Worker-39] INFO  o.e.m.c.i.e.AbstractTransferListenerAdapter - Downloaded http://repo.maven.apache.org/maven2/org/hibernate/common/hibernate-commons-annotations/4.0.5.Final/hibernate-commons-annotations-4.0.5.Final-sources.jar
2015-10-20 13:48:56,508 [Worker-39] INFO  o.e.m.j.internal.DownloadSourcesJob - Downloaded sources for org.hibernate.common:hibernate-commons-annotations:4.0.5.Final
2015-10-20 13:48:56,774 [Worker-39] INFO  o.e.m.c.i.e.AbstractTransferListenerAdapter - Downloading http://repo.maven.apache.org/maven2/org/hibernate/javax/persistence/hibernate-jpa-2.1-api/1.0.0.Final/hibernate-jpa-2.1-api-1.0.0.Final-sources.jar
2015-10-20 13:48:58,122 [Worker-39] INFO  o.e.m.c.i.e.AbstractTransferListenerAdapter - Downloaded http://repo.maven.apache.org/maven2/org/hibernate/javax/persistence/hibernate-jpa-2.1-api/1.0.0.Final/hibernate-jpa-2.1-api-1.0.0.Final-sources.jar
2015-10-20 13:48:58,179 [Worker-39] INFO  o.e.m.j.internal.DownloadSourcesJob - Downloaded sources for org.hibernate.javax.persistence:hibernate-jpa-2.1-api:1.0.0.Final
2015-10-20 13:48:58,460 [Worker-39] INFO  o.e.m.c.i.e.AbstractTransferListenerAdapter - Downloading http://repo.maven.apache.org/maven2/org/javassist/javassist/3.18.1-GA/javassist-3.18.1-GA-sources.jar
2015-10-20 13:49:01,838 [Worker-39] INFO  o.e.m.c.i.e.AbstractTransferListenerAdapter - Downloaded http://repo.maven.apache.org/maven2/org/javassist/javassist/3.18.1-GA/javassist-3.18.1-GA-sources.jar
2015-10-20 13:49:01,873 [Worker-39] INFO  o.e.m.j.internal.DownloadSourcesJob - Downloaded sources for org.javassist:javassist:3.18.1-GA
2015-10-20 13:49:02,133 [Worker-39] INFO  o.e.m.c.i.e.AbstractTransferListenerAdapter - Downloading http://repo.maven.apache.org/maven2/javax/transaction/javax.transaction-api/1.2/javax.transaction-api-1.2-sources.jar
2015-10-20 13:49:02,854 [Worker-39] INFO  o.e.m.c.i.e.AbstractTransferListenerAdapter - Downloaded http://repo.maven.apache.org/maven2/javax/transaction/javax.transaction-api/1.2/javax.transaction-api-1.2-sources.jar
2015-10-20 13:49:02,902 [Worker-39] INFO  o.e.m.j.internal.DownloadSourcesJob - Downloaded sources for javax.transaction:javax.transaction-api:1.2
2015-10-20 13:49:03,195 [Worker-39] INFO  o.e.m.c.i.e.AbstractTransferListenerAdapter - Downloading http://repo.maven.apache.org/maven2/org/springframework/spring-orm/4.1.6.RELEASE/spring-orm-4.1.6.RELEASE-sources.jar
2015-10-20 13:49:05,066 [Worker-39] INFO  o.e.m.c.i.e.AbstractTransferListenerAdapter - Downloaded http://repo.maven.apache.org/maven2/org/springframework/spring-orm/4.1.6.RELEASE/spring-orm-4.1.6.RELEASE-sources.jar
2015-10-20 13:49:05,102 [Worker-39] INFO  o.e.m.j.internal.DownloadSourcesJob - Downloaded sources for org.springframework:spring-orm:4.1.6.RELEASE
2015-10-20 13:49:05,365 [Worker-39] INFO  o.e.m.c.i.e.AbstractTransferListenerAdapter - Downloading http://repo.maven.apache.org/maven2/org/springframework/data/spring-data-jpa/1.7.2.RELEASE/spring-data-jpa-1.7.2.RELEASE-sources.jar
2015-10-20 13:49:06,512 [Worker-39] INFO  o.e.m.c.i.e.AbstractTransferListenerAdapter - Downloaded http://repo.maven.apache.org/maven2/org/springframework/data/spring-data-jpa/1.7.2.RELEASE/spring-data-jpa-1.7.2.RELEASE-sources.jar
2015-10-20 13:49:06,551 [Worker-39] INFO  o.e.m.j.internal.DownloadSourcesJob - Downloaded sources for org.springframework.data:spring-data-jpa:1.7.2.RELEASE
2015-10-20 13:49:06,554 [Worker-39] INFO  o.e.m.j.internal.DownloadSourcesJob - Downloaded sources for org.springframework.data:spring-data-commons:1.9.2.RELEASE
2015-10-20 13:49:06,852 [Worker-39] INFO  o.e.m.c.i.e.AbstractTransferListenerAdapter - Downloading http://repo.maven.apache.org/maven2/org/slf4j/slf4j-api/1.7.11/slf4j-api-1.7.11-sources.jar
2015-10-20 13:49:07,462 [Worker-39] INFO  o.e.m.c.i.e.AbstractTransferListenerAdapter - Downloaded http://repo.maven.apache.org/maven2/org/slf4j/slf4j-api/1.7.11/slf4j-api-1.7.11-sources.jar
2015-10-20 13:49:07,507 [Worker-39] INFO  o.e.m.j.internal.DownloadSourcesJob - Downloaded sources for org.slf4j:slf4j-api:1.7.11
2015-10-20 13:49:07,720 [Worker-39] INFO  o.e.m.c.i.e.AbstractTransferListenerAdapter - Downloading http://repo.maven.apache.org/maven2/org/slf4j/jcl-over-slf4j/1.7.11/jcl-over-slf4j-1.7.11-sources.jar
2015-10-20 13:49:08,379 [Worker-39] INFO  o.e.m.c.i.e.AbstractTransferListenerAdapter - Downloaded http://repo.maven.apache.org/maven2/org/slf4j/jcl-over-slf4j/1.7.11/jcl-over-slf4j-1.7.11-sources.jar
2015-10-20 13:49:08,422 [Worker-39] INFO  o.e.m.j.internal.DownloadSourcesJob - Downloaded sources for org.slf4j:jcl-over-slf4j:1.7.11
2015-10-20 13:49:08,662 [Worker-39] INFO  o.e.m.c.i.e.AbstractTransferListenerAdapter - Downloading http://repo.maven.apache.org/maven2/org/springframework/spring-aspects/4.1.6.RELEASE/spring-aspects-4.1.6.RELEASE-sources.jar
2015-10-20 13:49:09,312 [Worker-39] INFO  o.e.m.c.i.e.AbstractTransferListenerAdapter - Downloaded http://repo.maven.apache.org/maven2/org/springframework/spring-aspects/4.1.6.RELEASE/spring-aspects-4.1.6.RELEASE-sources.jar
2015-10-20 13:49:09,351 [Worker-39] INFO  o.e.m.j.internal.DownloadSourcesJob - Downloaded sources for org.springframework:spring-aspects:4.1.6.RELEASE
2015-10-20 13:49:09,685 [Worker-39] INFO  o.e.m.c.i.e.AbstractTransferListenerAdapter - Downloading http://repo.maven.apache.org/maven2/org/apache/httpcomponents/httpclient/4.5/httpclient-4.5-sources.jar
2015-10-20 13:49:13,445 [Worker-39] INFO  o.e.m.c.i.e.AbstractTransferListenerAdapter - Downloaded http://repo.maven.apache.org/maven2/org/apache/httpcomponents/httpclient/4.5/httpclient-4.5-sources.jar
2015-10-20 13:49:13,498 [Worker-39] INFO  o.e.m.j.internal.DownloadSourcesJob - Downloaded sources for org.apache.httpcomponents:httpclient:4.5
2015-10-20 13:49:13,731 [Worker-39] INFO  o.e.m.c.i.e.AbstractTransferListenerAdapter - Downloading http://repo.maven.apache.org/maven2/org/apache/httpcomponents/httpcore/4.4.1/httpcore-4.4.1-sources.jar
2015-10-20 13:49:16,322 [Worker-39] INFO  o.e.m.c.i.e.AbstractTransferListenerAdapter - Downloaded http://repo.maven.apache.org/maven2/org/apache/httpcomponents/httpcore/4.4.1/httpcore-4.4.1-sources.jar
2015-10-20 13:49:16,346 [Worker-39] INFO  o.e.m.j.internal.DownloadSourcesJob - Downloaded sources for org.apache.httpcomponents:httpcore:4.4.1
2015-10-20 13:49:16,738 [Worker-39] INFO  o.e.m.c.i.e.AbstractTransferListenerAdapter - Downloading http://repo.maven.apache.org/maven2/org/springframework/spring-context/4.1.6.RELEASE/spring-context-4.1.6.RELEASE-sources.jar
2015-10-20 13:49:20,142 [Worker-39] INFO  o.e.m.c.i.e.AbstractTransferListenerAdapter - Downloaded http://repo.maven.apache.org/maven2/org/springframework/spring-context/4.1.6.RELEASE/spring-context-4.1.6.RELEASE-sources.jar
2015-10-20 13:49:20,169 [Worker-39] INFO  o.e.m.j.internal.DownloadSourcesJob - Downloaded sources for org.springframework:spring-context:4.1.6.RELEASE
2015-10-20 13:49:20,462 [Worker-39] INFO  o.e.m.c.i.e.AbstractTransferListenerAdapter - Downloading http://repo.maven.apache.org/maven2/org/springframework/spring-aop/4.1.6.RELEASE/spring-aop-4.1.6.RELEASE-sources.jar
2015-10-20 13:49:22,846 [Worker-39] INFO  o.e.m.c.i.e.AbstractTransferListenerAdapter - Downloaded http://repo.maven.apache.org/maven2/org/springframework/spring-aop/4.1.6.RELEASE/spring-aop-4.1.6.RELEASE-sources.jar
2015-10-20 13:49:22,887 [Worker-39] INFO  o.e.m.j.internal.DownloadSourcesJob - Downloaded sources for org.springframework:spring-aop:4.1.6.RELEASE
2015-10-20 13:49:23,099 [Worker-39] INFO  o.e.m.c.i.e.AbstractTransferListenerAdapter - Downloading http://repo.maven.apache.org/maven2/aopalliance/aopalliance/1.0/aopalliance-1.0-sources.jar
2015-10-20 13:49:23,616 [Worker-39] INFO  o.e.m.c.i.e.AbstractTransferListenerAdapter - Downloaded http://repo.maven.apache.org/maven2/aopalliance/aopalliance/1.0/aopalliance-1.0-sources.jar
2015-10-20 13:49:23,688 [Worker-39] INFO  o.e.m.j.internal.DownloadSourcesJob - Downloaded sources for aopalliance:aopalliance:1.0
2015-10-20 13:49:23,991 [Worker-39] INFO  o.e.m.c.i.e.AbstractTransferListenerAdapter - Downloading http://repo.maven.apache.org/maven2/org/springframework/spring-beans/4.1.6.RELEASE/spring-beans-4.1.6.RELEASE-sources.jar
2015-10-20 13:49:29,647 [Worker-39] INFO  o.e.m.c.i.e.AbstractTransferListenerAdapter - Downloaded http://repo.maven.apache.org/maven2/org/springframework/spring-beans/4.1.6.RELEASE/spring-beans-4.1.6.RELEASE-sources.jar
2015-10-20 13:49:29,697 [Worker-39] INFO  o.e.m.j.internal.DownloadSourcesJob - Downloaded sources for org.springframework:spring-beans:4.1.6.RELEASE
2015-10-20 13:49:29,933 [Worker-39] INFO  o.e.m.c.i.e.AbstractTransferListenerAdapter - Downloading http://repo.maven.apache.org/maven2/org/springframework/spring-expression/4.1.6.RELEASE/spring-expression-4.1.6.RELEASE-sources.jar
2015-10-20 13:49:32,246 [Worker-39] INFO  o.e.m.c.i.e.AbstractTransferListenerAdapter - Downloaded http://repo.maven.apache.org/maven2/org/springframework/spring-expression/4.1.6.RELEASE/spring-expression-4.1.6.RELEASE-sources.jar
2015-10-20 13:49:32,274 [Worker-39] INFO  o.e.m.j.internal.DownloadSourcesJob - Downloaded sources for org.springframework:spring-expression:4.1.6.RELEASE
2015-10-20 13:49:32,441 [Worker-39] INFO  o.e.m.c.i.e.AbstractTransferListenerAdapter - Downloading http://repo.maven.apache.org/maven2/org/springframework/boot/spring-boot-starter-web/1.2.3.RELEASE/spring-boot-starter-web-1.2.3.RELEASE-sources.jar
2015-10-20 13:49:32,797 [Worker-39] INFO  o.e.m.c.i.e.AbstractTransferListenerAdapter - Downloaded http://repo.maven.apache.org/maven2/org/springframework/boot/spring-boot-starter-web/1.2.3.RELEASE/spring-boot-starter-web-1.2.3.RELEASE-sources.jar
2015-10-20 13:49:32,825 [Worker-39] INFO  o.e.m.j.internal.DownloadSourcesJob - Downloaded sources for org.springframework.boot:spring-boot-starter-web:1.2.3.RELEASE
2015-10-20 13:49:32,988 [Worker-39] INFO  o.e.m.c.i.e.AbstractTransferListenerAdapter - Downloading http://repo.maven.apache.org/maven2/org/springframework/boot/spring-boot-starter-tomcat/1.2.3.RELEASE/spring-boot-starter-tomcat-1.2.3.RELEASE-sources.jar
2015-10-20 13:49:33,385 [Worker-39] INFO  o.e.m.c.i.e.AbstractTransferListenerAdapter - Downloaded http://repo.maven.apache.org/maven2/org/springframework/boot/spring-boot-starter-tomcat/1.2.3.RELEASE/spring-boot-starter-tomcat-1.2.3.RELEASE-sources.jar
2015-10-20 13:49:33,473 [Worker-39] INFO  o.e.m.j.internal.DownloadSourcesJob - Downloaded sources for org.springframework.boot:spring-boot-starter-tomcat:1.2.3.RELEASE
2015-10-20 13:49:33,771 [Worker-39] INFO  o.e.m.c.i.e.AbstractTransferListenerAdapter - Downloading http://repo.maven.apache.org/maven2/org/apache/tomcat/embed/tomcat-embed-core/8.0.20/tomcat-embed-core-8.0.20-sources.jar
2015-10-20 13:49:47,040 [Worker-39] INFO  o.e.m.c.i.e.AbstractTransferListenerAdapter - Downloaded http://repo.maven.apache.org/maven2/org/apache/tomcat/embed/tomcat-embed-core/8.0.20/tomcat-embed-core-8.0.20-sources.jar
2015-10-20 13:49:47,080 [Worker-39] INFO  o.e.m.j.internal.DownloadSourcesJob - Downloaded sources for org.apache.tomcat.embed:tomcat-embed-core:8.0.20
2015-10-20 13:49:47,383 [Worker-39] INFO  o.e.m.c.i.e.AbstractTransferListenerAdapter - Downloading http://repo.maven.apache.org/maven2/org/apache/tomcat/embed/tomcat-embed-el/8.0.20/tomcat-embed-el-8.0.20-sources.jar
2015-10-20 13:49:48,931 [Worker-39] INFO  o.e.m.c.i.e.AbstractTransferListenerAdapter - Downloaded http://repo.maven.apache.org/maven2/org/apache/tomcat/embed/tomcat-embed-el/8.0.20/tomcat-embed-el-8.0.20-sources.jar
2015-10-20 13:49:48,966 [Worker-39] INFO  o.e.m.j.internal.DownloadSourcesJob - Downloaded sources for org.apache.tomcat.embed:tomcat-embed-el:8.0.20
2015-10-20 13:49:49,172 [Worker-39] INFO  o.e.m.c.i.e.AbstractTransferListenerAdapter - Downloading http://repo.maven.apache.org/maven2/org/apache/tomcat/embed/tomcat-embed-logging-juli/8.0.20/tomcat-embed-logging-juli-8.0.20-sources.jar
2015-10-20 13:49:49,741 [Worker-39] INFO  o.e.m.c.i.e.AbstractTransferListenerAdapter - Downloaded http://repo.maven.apache.org/maven2/org/apache/tomcat/embed/tomcat-embed-logging-juli/8.0.20/tomcat-embed-logging-juli-8.0.20-sources.jar
2015-10-20 13:49:49,769 [Worker-39] INFO  o.e.m.j.internal.DownloadSourcesJob - Downloaded sources for org.apache.tomcat.embed:tomcat-embed-logging-juli:8.0.20
2015-10-20 13:49:50,054 [Worker-39] INFO  o.e.m.c.i.e.AbstractTransferListenerAdapter - Downloading http://repo.maven.apache.org/maven2/org/apache/tomcat/embed/tomcat-embed-websocket/8.0.20/tomcat-embed-websocket-8.0.20-sources.jar
2015-10-20 13:49:51,927 [Worker-39] INFO  o.e.m.c.i.e.AbstractTransferListenerAdapter - Downloaded http://repo.maven.apache.org/maven2/org/apache/tomcat/embed/tomcat-embed-websocket/8.0.20/tomcat-embed-websocket-8.0.20-sources.jar
2015-10-20 13:49:51,958 [Worker-39] INFO  o.e.m.j.internal.DownloadSourcesJob - Downloaded sources for org.apache.tomcat.embed:tomcat-embed-websocket:8.0.20
2015-10-20 13:49:52,150 [Worker-39] INFO  o.e.m.c.i.e.AbstractTransferListenerAdapter - Downloading http://repo.maven.apache.org/maven2/org/hibernate/hibernate-validator/5.1.3.Final/hibernate-validator-5.1.3.Final-sources.jar
2015-10-20 13:49:55,570 [Worker-39] INFO  o.e.m.c.i.e.AbstractTransferListenerAdapter - Downloaded http://repo.maven.apache.org/maven2/org/hibernate/hibernate-validator/5.1.3.Final/hibernate-validator-5.1.3.Final-sources.jar
2015-10-20 13:49:55,599 [Worker-39] INFO  o.e.m.j.internal.DownloadSourcesJob - Downloaded sources for org.hibernate:hibernate-validator:5.1.3.Final
2015-10-20 13:49:55,829 [Worker-39] INFO  o.e.m.c.i.e.AbstractTransferListenerAdapter - Downloading http://repo.maven.apache.org/maven2/javax/validation/validation-api/1.1.0.Final/validation-api-1.1.0.Final-sources.jar
2015-10-20 13:49:57,304 [Worker-39] INFO  o.e.m.c.i.e.AbstractTransferListenerAdapter - Downloaded http://repo.maven.apache.org/maven2/javax/validation/validation-api/1.1.0.Final/validation-api-1.1.0.Final-sources.jar
2015-10-20 13:49:57,344 [Worker-39] INFO  o.e.m.j.internal.DownloadSourcesJob - Downloaded sources for javax.validation:validation-api:1.1.0.Final
2015-10-20 13:49:57,582 [Worker-39] INFO  o.e.m.c.i.e.AbstractTransferListenerAdapter - Downloading http://repo.maven.apache.org/maven2/com/fasterxml/classmate/1.0.0/classmate-1.0.0-sources.jar
2015-10-20 13:49:58,208 [Worker-39] INFO  o.e.m.c.i.e.AbstractTransferListenerAdapter - Downloaded http://repo.maven.apache.org/maven2/com/fasterxml/classmate/1.0.0/classmate-1.0.0-sources.jar
2015-10-20 13:49:58,273 [Worker-39] INFO  o.e.m.j.internal.DownloadSourcesJob - Downloaded sources for com.fasterxml:classmate:1.0.0
2015-10-20 13:49:58,435 [Worker-39] INFO  o.e.m.c.i.e.AbstractTransferListenerAdapter - Downloading http://repo.maven.apache.org/maven2/org/springframework/spring-web/4.1.6.RELEASE/spring-web-4.1.6.RELEASE-sources.jar
2015-10-20 13:50:02,239 [Worker-39] INFO  o.e.m.c.i.e.AbstractTransferListenerAdapter - Downloaded http://repo.maven.apache.org/maven2/org/springframework/spring-web/4.1.6.RELEASE/spring-web-4.1.6.RELEASE-sources.jar
2015-10-20 13:50:02,291 [Worker-39] INFO  o.e.m.j.internal.DownloadSourcesJob - Downloaded sources for org.springframework:spring-web:4.1.6.RELEASE
2015-10-20 13:50:02,572 [Worker-39] INFO  o.e.m.c.i.e.AbstractTransferListenerAdapter - Downloading http://repo.maven.apache.org/maven2/org/springframework/spring-webmvc/4.1.6.RELEASE/spring-webmvc-4.1.6.RELEASE-sources.jar
2015-10-20 13:50:05,535 [Worker-39] INFO  o.e.m.c.i.e.AbstractTransferListenerAdapter - Downloaded http://repo.maven.apache.org/maven2/org/springframework/spring-webmvc/4.1.6.RELEASE/spring-webmvc-4.1.6.RELEASE-sources.jar
2015-10-20 13:50:05,572 [Worker-39] INFO  o.e.m.j.internal.DownloadSourcesJob - Downloaded sources for org.springframework:spring-webmvc:4.1.6.RELEASE
2015-10-20 13:50:05,733 [Worker-39] INFO  o.e.m.c.i.e.AbstractTransferListenerAdapter - Downloading http://repo.maven.apache.org/maven2/com/google/code/gson/gson/2.2.4/gson-2.2.4-sources.jar
2015-10-20 13:50:07,216 [Worker-39] INFO  o.e.m.c.i.e.AbstractTransferListenerAdapter - Downloaded http://repo.maven.apache.org/maven2/com/google/code/gson/gson/2.2.4/gson-2.2.4-sources.jar
2015-10-20 13:50:07,254 [Worker-39] INFO  o.e.m.j.internal.DownloadSourcesJob - Downloaded sources for com.google.code.gson:gson:2.2.4
2015-10-20 13:50:07,479 [Worker-39] INFO  o.e.m.c.i.e.AbstractTransferListenerAdapter - Downloading http://repo.maven.apache.org/maven2/com/fasterxml/jackson/jaxrs/jackson-jaxrs-json-provider/2.4.1/jackson-jaxrs-json-provider-2.4.1-sources.jar
2015-10-20 13:50:07,956 [Worker-39] INFO  o.e.m.c.i.e.AbstractTransferListenerAdapter - Downloaded http://repo.maven.apache.org/maven2/com/fasterxml/jackson/jaxrs/jackson-jaxrs-json-provider/2.4.1/jackson-jaxrs-json-provider-2.4.1-sources.jar
2015-10-20 13:50:07,985 [Worker-39] INFO  o.e.m.j.internal.DownloadSourcesJob - Downloaded sources for com.fasterxml.jackson.jaxrs:jackson-jaxrs-json-provider:2.4.1
2015-10-20 13:50:08,191 [Worker-39] INFO  o.e.m.c.i.e.AbstractTransferListenerAdapter - Downloading http://repo.maven.apache.org/maven2/com/fasterxml/jackson/jaxrs/jackson-jaxrs-base/2.4.1/jackson-jaxrs-base-2.4.1-sources.jar
2015-10-20 13:50:08,606 [Worker-39] INFO  o.e.m.c.i.e.AbstractTransferListenerAdapter - Downloaded http://repo.maven.apache.org/maven2/com/fasterxml/jackson/jaxrs/jackson-jaxrs-base/2.4.1/jackson-jaxrs-base-2.4.1-sources.jar
2015-10-20 13:50:08,658 [Worker-39] INFO  o.e.m.j.internal.DownloadSourcesJob - Downloaded sources for com.fasterxml.jackson.jaxrs:jackson-jaxrs-base:2.4.1
2015-10-20 13:50:08,996 [Worker-39] INFO  o.e.m.c.i.e.AbstractTransferListenerAdapter - Downloading http://repo.maven.apache.org/maven2/com/fasterxml/jackson/core/jackson-core/2.4.5/jackson-core-2.4.5-sources.jar
2015-10-20 13:50:10,233 [Worker-39] INFO  o.e.m.c.i.e.AbstractTransferListenerAdapter - Downloaded http://repo.maven.apache.org/maven2/com/fasterxml/jackson/core/jackson-core/2.4.5/jackson-core-2.4.5-sources.jar
2015-10-20 13:50:10,280 [Worker-39] INFO  o.e.m.j.internal.DownloadSourcesJob - Downloaded sources for com.fasterxml.jackson.core:jackson-core:2.4.5
2015-10-20 13:50:10,524 [Worker-39] INFO  o.e.m.c.i.e.AbstractTransferListenerAdapter - Downloading http://repo.maven.apache.org/maven2/com/fasterxml/jackson/module/jackson-module-jaxb-annotations/2.4.1/jackson-module-jaxb-annotations-2.4.1-sources.jar
2015-10-20 13:50:11,045 [Worker-39] INFO  o.e.m.c.i.e.AbstractTransferListenerAdapter - Downloaded http://repo.maven.apache.org/maven2/com/fasterxml/jackson/module/jackson-module-jaxb-annotations/2.4.1/jackson-module-jaxb-annotations-2.4.1-sources.jar
2015-10-20 13:50:11,077 [Worker-39] INFO  o.e.m.j.internal.DownloadSourcesJob - Downloaded sources for com.fasterxml.jackson.module:jackson-module-jaxb-annotations:2.4.1
2015-10-20 13:50:11,455 [Worker-39] INFO  o.e.m.c.i.e.AbstractTransferListenerAdapter - Downloading http://repo.maven.apache.org/maven2/com/fasterxml/jackson/core/jackson-databind/2.4.0/jackson-databind-2.4.0-sources.jar
2015-10-20 13:50:17,696 [Worker-39] INFO  o.e.m.c.i.e.AbstractTransferListenerAdapter - Downloaded http://repo.maven.apache.org/maven2/com/fasterxml/jackson/core/jackson-databind/2.4.0/jackson-databind-2.4.0-sources.jar
2015-10-20 13:50:17,719 [Worker-39] INFO  o.e.m.j.internal.DownloadSourcesJob - Downloaded sources for com.fasterxml.jackson.core:jackson-databind:2.4.0
2015-10-20 13:50:18,071 [Worker-39] INFO  o.e.m.c.i.e.AbstractTransferListenerAdapter - Downloading http://repo.maven.apache.org/maven2/com/fasterxml/jackson/core/jackson-annotations/2.4.5/jackson-annotations-2.4.5-sources.jar
2015-10-20 13:50:18,846 [Worker-39] INFO  o.e.m.c.i.e.AbstractTransferListenerAdapter - Downloaded http://repo.maven.apache.org/maven2/com/fasterxml/jackson/core/jackson-annotations/2.4.5/jackson-annotations-2.4.5-sources.jar
2015-10-20 13:50:18,877 [Worker-39] INFO  o.e.m.j.internal.DownloadSourcesJob - Downloaded sources for com.fasterxml.jackson.core:jackson-annotations:2.4.5
2015-10-20 13:50:19,038 [Worker-39] INFO  o.e.m.c.i.e.AbstractTransferListenerAdapter - Downloading http://repo.maven.apache.org/maven2/commons-lang/commons-lang/2.6/commons-lang-2.6-sources.jar
2015-10-20 13:50:20,881 [Worker-39] INFO  o.e.m.c.i.e.AbstractTransferListenerAdapter - Downloaded http://repo.maven.apache.org/maven2/commons-lang/commons-lang/2.6/commons-lang-2.6-sources.jar
2015-10-20 13:50:20,981 [Worker-39] INFO  o.e.m.j.internal.DownloadSourcesJob - Downloaded sources for commons-lang:commons-lang:2.6
2015-10-20 13:50:21,366 [Worker-39] INFO  o.e.m.c.i.e.AbstractTransferListenerAdapter - Downloading http://repo.maven.apache.org/maven2/org/projectlombok/lombok/1.16.4/lombok-1.16.4-sources.jar
2015-10-20 13:50:25,397 [Worker-39] INFO  o.e.m.c.i.e.AbstractTransferListenerAdapter - Downloaded http://repo.maven.apache.org/maven2/org/projectlombok/lombok/1.16.4/lombok-1.16.4-sources.jar
2015-10-20 13:50:25,443 [Worker-39] INFO  o.e.m.j.internal.DownloadSourcesJob - Downloaded sources for org.projectlombok:lombok:1.16.4
2015-10-20 13:50:25,842 [Worker-40] INFO  o.e.m.c.i.embedder.EclipseLogger - Using 'UTF-8' encoding to copy filtered resources.
2015-10-20 13:50:25,843 [Worker-40] INFO  o.e.m.c.i.embedder.EclipseLogger - Copying 0 resource
2015-10-20 13:50:25,844 [Worker-40] INFO  o.e.m.c.i.embedder.EclipseLogger - Using 'UTF-8' encoding to copy filtered resources.
2015-10-20 13:50:25,844 [Worker-40] INFO  o.e.m.c.i.embedder.EclipseLogger - Copying 0 resource
2015-10-20 13:50:25,844 [Worker-40] INFO  o.e.m.c.i.embedder.EclipseLogger - Copying 0 resource
2015-10-20 13:50:25,846 [Worker-40] INFO  o.e.m.c.i.embedder.EclipseLogger - Using 'UTF-8' encoding to copy filtered resources.
2015-10-20 13:50:25,846 [Worker-40] INFO  o.e.m.c.i.embedder.EclipseLogger - skip non existing resourceDirectory C:\Users\awmishra\Desktop\Hackathon\iot\IOTDataServiceClient\src\test\resources
2015-10-20 13:54:19,409 [Worker-7] INFO  o.e.m.c.i.embedder.EclipseLogger - Using 'UTF-8' encoding to copy filtered resources.
2015-10-20 13:54:19,419 [Worker-7] INFO  o.e.m.c.i.embedder.EclipseLogger - Copying 9 resources
2015-10-20 13:54:19,429 [Worker-7] INFO  o.e.m.c.i.embedder.EclipseLogger - Using 'UTF-8' encoding to copy filtered resources.
2015-10-20 13:54:19,429 [Worker-7] INFO  o.e.m.c.i.embedder.EclipseLogger - Copying 1 resource
2015-10-20 13:54:19,440 [Worker-7] INFO  o.e.m.c.i.embedder.EclipseLogger - Copying 9 resources
2015-10-20 13:54:19,444 [Worker-7] INFO  o.e.m.c.i.embedder.EclipseLogger - Using 'UTF-8' encoding to copy filtered resources.
2015-10-20 13:54:19,444 [Worker-7] INFO  o.e.m.c.i.embedder.EclipseLogger - skip non existing resourceDirectory C:\Users\awmishra\Desktop\Hackathon\iot\IOTDataServiceClient\src\test\resources
2015-10-20 13:54:41,278 [Worker-3] INFO  o.e.m.c.i.embedder.EclipseLogger - Using 'UTF-8' encoding to copy filtered resources.
2015-10-20 13:54:41,279 [Worker-3] INFO  o.e.m.c.i.embedder.EclipseLogger - Copying 9 resources
2015-10-20 13:54:43,931 [Worker-3] INFO  o.e.m.c.i.embedder.EclipseLogger - Using 'UTF-8' encoding to copy filtered resources.
2015-10-20 13:54:43,932 [Worker-3] INFO  o.e.m.c.i.embedder.EclipseLogger - Copying 1 resource
2015-10-20 13:54:43,937 [Worker-3] INFO  o.e.m.c.i.embedder.EclipseLogger - Copying 9 resources
2015-10-20 13:54:43,976 [Worker-3] INFO  o.e.m.c.i.embedder.EclipseLogger - Using 'UTF-8' encoding to copy filtered resources.
2015-10-20 13:54:43,976 [Worker-3] INFO  o.e.m.c.i.embedder.EclipseLogger - skip non existing resourceDirectory C:\Users\awmishra\Desktop\Hackathon\iot\IOTDataServiceClient\src\test\resources
2015-10-20 13:55:31,551 [Worker-5] INFO  o.e.m.c.i.embedder.EclipseLogger - Using 'UTF-8' encoding to copy filtered resources.
2015-10-20 13:55:31,553 [Worker-5] INFO  o.e.m.c.i.embedder.EclipseLogger - Copying 0 resource
2015-10-20 13:55:31,555 [Worker-5] INFO  o.e.m.c.i.embedder.EclipseLogger - Using 'UTF-8' encoding to copy filtered resources.
2015-10-20 13:55:31,558 [Worker-5] INFO  o.e.m.c.i.embedder.EclipseLogger - Copying 1 resource
2015-10-20 13:55:31,561 [Worker-5] INFO  o.e.m.c.i.embedder.EclipseLogger - Copying 9 resources
2015-10-20 13:55:31,564 [Worker-5] INFO  o.e.m.c.i.embedder.EclipseLogger - Using 'UTF-8' encoding to copy filtered resources.
2015-10-20 13:55:31,565 [Worker-5] INFO  o.e.m.c.i.embedder.EclipseLogger - skip non existing resourceDirectory C:\Users\awmishra\Desktop\Hackathon\iot\IOTDataServiceClient\src\test\resources
2015-10-20 13:56:18,207 [Worker-1] INFO  o.e.m.c.i.l.LifecycleMappingFactory - Using NULL lifecycle mapping for MavenProject: com.iot.dataservice:IOTDataServiceParent:1.0.0 @ C:\Users\awmishra\Desktop\Hackathon\iot\pom.xml.
2015-10-20 13:56:19,378 [Worker-1] INFO  o.e.m.c.i.l.LifecycleMappingFactory - Using org.eclipse.m2e.jdt.JarLifecycleMapping lifecycle mapping for MavenProject: com.iot.dataservice:IOTDataServiceClient:1.0.0 @ C:\Users\awmishra\Desktop\Hackathon\iot\IOTDataServiceClient\pom.xml.
2015-10-20 13:56:20,486 [Worker-1] INFO  o.e.m.j.i.AbstractJavaProjectConfigurator - Adding source folder /IOTDataServiceClient/src/main/java
2015-10-20 13:56:20,487 [Worker-1] INFO  o.e.m.j.i.AbstractJavaProjectConfigurator - Adding source folder /IOTDataServiceClient/target/generated-sources/json
2015-10-20 13:56:20,488 [Worker-1] INFO  o.e.m.j.i.AbstractJavaProjectConfigurator - Adding resource folder /IOTDataServiceClient/src/main/resources
2015-10-20 13:56:20,488 [Worker-1] INFO  o.e.m.j.i.AbstractJavaProjectConfigurator - Adding resource folder /IOTDataServiceClient/src/main/resources
2015-10-20 13:56:20,489 [Worker-1] INFO  o.e.m.j.i.AbstractJavaProjectConfigurator - Adding source folder /IOTDataServiceClient/src/test/java
2015-10-20 13:56:20,721 [Worker-1] INFO  o.e.m.c.i.p.ProjectConfigurationManager - Imported and configured 2 project(s) in 2 sec
2015-10-20 13:56:21,408 [Worker-4] INFO  o.e.m.c.i.l.LifecycleMappingFactory - Using org.eclipse.m2e.jdt.JarLifecycleMapping lifecycle mapping for MavenProject: com.iot.dataservice:IOTDataServiceClient:1.0.0 @ C:\Users\awmishra\Desktop\Hackathon\iot\IOTDataServiceClient\pom.xml.
2015-10-20 13:56:22,187 [Worker-4] INFO  o.e.m.c.i.l.LifecycleMappingFactory - Using NULL lifecycle mapping for MavenProject: com.iot.dataservice:IOTDataServiceParent:1.0.0 @ C:\Users\awmishra\Desktop\Hackathon\iot\pom.xml.
2015-10-20 13:56:23,265 [Worker-8] INFO  o.e.m.c.i.embedder.EclipseLogger - Using 'UTF-8' encoding to copy filtered resources.
2015-10-20 13:56:23,266 [Worker-8] INFO  o.e.m.c.i.embedder.EclipseLogger - Copying 9 resources
2015-10-20 13:56:23,492 [Worker-8] INFO  o.e.m.c.i.embedder.EclipseLogger - Using 'UTF-8' encoding to copy filtered resources.
2015-10-20 13:56:23,493 [Worker-8] INFO  o.e.m.c.i.embedder.EclipseLogger - Copying 1 resource
2015-10-20 13:56:23,496 [Worker-8] INFO  o.e.m.c.i.embedder.EclipseLogger - Copying 9 resources
2015-10-20 13:56:23,518 [Worker-8] INFO  o.e.m.c.i.embedder.EclipseLogger - Using 'UTF-8' encoding to copy filtered resources.
2015-10-20 13:56:23,519 [Worker-8] INFO  o.e.m.c.i.embedder.EclipseLogger - skip non existing resourceDirectory C:\Users\awmishra\Desktop\Hackathon\iot\IOTDataServiceClient\src\test\resources
2015-10-20 13:56:26,287 [Worker-2] INFO  o.e.m.c.i.embedder.EclipseLogger - Using 'UTF-8' encoding to copy filtered resources.
2015-10-20 13:56:26,288 [Worker-2] INFO  o.e.m.c.i.embedder.EclipseLogger - Copying 0 resource
2015-10-20 13:56:26,289 [Worker-2] INFO  o.e.m.c.i.embedder.EclipseLogger - Using 'UTF-8' encoding to copy filtered resources.
2015-10-20 13:56:26,290 [Worker-2] INFO  o.e.m.c.i.embedder.EclipseLogger - Copying 0 resource
2015-10-20 13:56:26,290 [Worker-2] INFO  o.e.m.c.i.embedder.EclipseLogger - Copying 0 resource
2015-10-20 13:56:26,292 [Worker-2] INFO  o.e.m.c.i.embedder.EclipseLogger - Using 'UTF-8' encoding to copy filtered resources.
2015-10-20 13:56:26,292 [Worker-2] INFO  o.e.m.c.i.embedder.EclipseLogger - skip non existing resourceDirectory C:\Users\awmishra\Desktop\Hackathon\iot\IOTDataServiceClient\src\test\resources
2015-10-20 13:56:31,581 [Worker-6] INFO  o.e.m.c.i.embedder.EclipseLogger - Using 'UTF-8' encoding to copy filtered resources.
2015-10-20 13:56:31,582 [Worker-6] INFO  o.e.m.c.i.embedder.EclipseLogger - Copying 0 resource
2015-10-20 13:56:31,584 [Worker-6] INFO  o.e.m.c.i.embedder.EclipseLogger - Using 'UTF-8' encoding to copy filtered resources.
2015-10-20 13:56:31,586 [Worker-6] INFO  o.e.m.c.i.embedder.EclipseLogger - Copying 1 resource
2015-10-20 13:56:31,589 [Worker-6] INFO  o.e.m.c.i.embedder.EclipseLogger - Copying 9 resources
2015-10-20 13:56:31,592 [Worker-6] INFO  o.e.m.c.i.embedder.EclipseLogger - Using 'UTF-8' encoding to copy filtered resources.
2015-10-20 13:56:31,592 [Worker-6] INFO  o.e.m.c.i.embedder.EclipseLogger - skip non existing resourceDirectory C:\Users\awmishra\Desktop\Hackathon\iot\IOTDataServiceClient\src\test\resources
2015-10-20 13:56:31,924 [Worker-2] INFO  o.e.m.c.i.embedder.EclipseLogger - Using 'UTF-8' encoding to copy filtered resources.
2015-10-20 13:56:31,925 [Worker-2] INFO  o.e.m.c.i.embedder.EclipseLogger - Copying 0 resource
2015-10-20 13:56:31,928 [Worker-2] INFO  o.e.m.c.i.embedder.EclipseLogger - Using 'UTF-8' encoding to copy filtered resources.
2015-10-20 13:56:31,929 [Worker-2] INFO  o.e.m.c.i.embedder.EclipseLogger - Copying 1 resource
2015-10-20 13:56:31,933 [Worker-2] INFO  o.e.m.c.i.embedder.EclipseLogger - Copying 9 resources
2015-10-20 13:56:31,936 [Worker-2] INFO  o.e.m.c.i.embedder.EclipseLogger - Using 'UTF-8' encoding to copy filtered resources.
2015-10-20 13:56:31,936 [Worker-2] INFO  o.e.m.c.i.embedder.EclipseLogger - skip non existing resourceDirectory C:\Users\awmishra\Desktop\Hackathon\iot\IOTDataServiceClient\src\test\resources
2015-10-20 15:24:24,295 [Worker-1] INFO  o.e.m.c.i.embedder.EclipseLogger - Using 'UTF-8' encoding to copy filtered resources.
2015-10-20 15:24:24,310 [Worker-1] INFO  o.e.m.c.i.embedder.EclipseLogger - Copying 9 resources
2015-10-20 15:24:26,121 [Worker-1] INFO  o.e.m.c.i.embedder.EclipseLogger - Using 'UTF-8' encoding to copy filtered resources.
2015-10-20 15:24:26,122 [Worker-1] INFO  o.e.m.c.i.embedder.EclipseLogger - Copying 1 resource
2015-10-20 15:24:26,136 [Worker-1] INFO  o.e.m.c.i.embedder.EclipseLogger - Copying 9 resources
2015-10-20 15:24:26,159 [Worker-1] INFO  o.e.m.c.i.embedder.EclipseLogger - Using 'UTF-8' encoding to copy filtered resources.
2015-10-20 15:24:26,159 [Worker-1] INFO  o.e.m.c.i.embedder.EclipseLogger - skip non existing resourceDirectory C:\Users\awmishra\Desktop\Hackathon\iot\IOTDataServiceClient\src\test\resources
2015-10-20 15:42:03,382 [Worker-21] INFO  o.e.m.c.i.embedder.EclipseLogger - Using 'UTF-8' encoding to copy filtered resources.
2015-10-20 15:42:03,384 [Worker-21] INFO  o.e.m.c.i.embedder.EclipseLogger - Copying 0 resource
2015-10-20 15:42:03,387 [Worker-21] INFO  o.e.m.c.i.embedder.EclipseLogger - Using 'UTF-8' encoding to copy filtered resources.
2015-10-20 15:42:03,391 [Worker-21] INFO  o.e.m.c.i.embedder.EclipseLogger - Copying 1 resource
2015-10-20 15:42:03,395 [Worker-21] INFO  o.e.m.c.i.embedder.EclipseLogger - Copying 9 resources
2015-10-20 15:42:03,424 [Worker-21] INFO  o.e.m.c.i.embedder.EclipseLogger - Using 'UTF-8' encoding to copy filtered resources.
2015-10-20 15:42:03,425 [Worker-21] INFO  o.e.m.c.i.embedder.EclipseLogger - skip non existing resourceDirectory C:\Users\awmishra\Desktop\Hackathon\iot\IOTDataServiceClient\src\test\resources
2015-10-20 15:46:52,654 [Worker-17] INFO  o.e.m.c.i.embedder.EclipseLogger - Using 'UTF-8' encoding to copy filtered resources.
2015-10-20 15:46:52,656 [Worker-17] INFO  o.e.m.c.i.embedder.EclipseLogger - Copying 9 resources
2015-10-20 15:46:53,405 [Worker-17] INFO  o.e.m.c.i.embedder.EclipseLogger - Using 'UTF-8' encoding to copy filtered resources.
2015-10-20 15:46:53,405 [Worker-17] INFO  o.e.m.c.i.embedder.EclipseLogger - Copying 1 resource
2015-10-20 15:46:53,408 [Worker-17] INFO  o.e.m.c.i.embedder.EclipseLogger - Copying 9 resources
2015-10-20 15:46:53,425 [Worker-17] INFO  o.e.m.c.i.embedder.EclipseLogger - Using 'UTF-8' encoding to copy filtered resources.
2015-10-20 15:46:53,425 [Worker-17] INFO  o.e.m.c.i.embedder.EclipseLogger - skip non existing resourceDirectory C:\Users\awmishra\Desktop\Hackathon\iot\IOTDataServiceClient\src\test\resources
2015-10-20 15:50:15,623 [Worker-17] ERROR o.e.m.j.i.l.MavenLaunchConfigurationListener - Launch configuration IOTSpringApplication references non-existing project IOTDataServiceClient.
org.eclipse.core.runtime.CoreException: Launch configuration IOTSpringApplication references non-existing project IOTDataServiceClient.
	at org.eclipse.jdt.launching.JavaRuntime.abort(JavaRuntime.java:1406) ~[org.eclipse.jdt.launching_3.7.102.v20141111-0953.jar:na]
	at org.eclipse.jdt.launching.JavaRuntime.getJavaProject(JavaRuntime.java:1281) ~[org.eclipse.jdt.launching_3.7.102.v20141111-0953.jar:na]
	at org.eclipse.m2e.jdt.internal.launch.MavenLaunchConfigurationListener.updateLaunchConfiguration(MavenLaunchConfigurationListener.java:53) [org.eclipse.m2e.jdt_1.5.1.20150109-1820.jar:na]
	at org.eclipse.m2e.jdt.internal.launch.MavenLaunchConfigurationListener.launchConfigurationChanged(MavenLaunchConfigurationListener.java:38) [org.eclipse.m2e.jdt_1.5.1.20150109-1820.jar:na]
	at org.eclipse.debug.internal.core.LaunchManager$ConfigurationNotifier.run(LaunchManager.java:229) [org.eclipse.debug.core_3.9.1.v20140805-1629.jar:na]
	at org.eclipse.core.runtime.SafeRunner.run(SafeRunner.java:42) [org.eclipse.equinox.common_3.6.200.v20130402-1505.jar:na]
	at org.eclipse.debug.internal.core.LaunchManager$ConfigurationNotifier.notify(LaunchManager.java:209) [org.eclipse.debug.core_3.9.1.v20140805-1629.jar:na]
	at org.eclipse.debug.internal.core.LaunchConfigurationWorkingCopy.setDirty(LaunchConfigurationWorkingCopy.java:552) [org.eclipse.debug.core_3.9.1.v20140805-1629.jar:na]
	at org.eclipse.debug.internal.core.LaunchConfigurationWorkingCopy.setAttribute(LaunchConfigurationWorkingCopy.java:425) [org.eclipse.debug.core_3.9.1.v20140805-1629.jar:na]
	at org.eclipse.m2e.jdt.internal.launch.MavenRuntimeClasspathProvider.disable(MavenRuntimeClasspathProvider.java:309) [org.eclipse.m2e.jdt_1.5.1.20150109-1820.jar:na]
	at org.eclipse.m2e.jdt.internal.launch.MavenRuntimeClasspathProvider.disable(MavenRuntimeClasspathProvider.java:335) [org.eclipse.m2e.jdt_1.5.1.20150109-1820.jar:na]
	at org.eclipse.m2e.jdt.internal.launch.MavenLaunchConfigurationListener.mavenProjectChanged(MavenLaunchConfigurationListener.java:70) [org.eclipse.m2e.jdt_1.5.1.20150109-1820.jar:na]
	at org.eclipse.m2e.core.internal.project.registry.ProjectRegistryManager.notifyProjectChangeListeners(ProjectRegistryManager.java:747) [org.eclipse.m2e.core_1.5.1.20150109-1820.jar:na]
	at org.eclipse.m2e.core.internal.project.registry.ProjectRegistryManager.applyMutableProjectRegistry(ProjectRegistryManager.java:876) [org.eclipse.m2e.core_1.5.1.20150109-1820.jar:na]
	at org.eclipse.m2e.core.internal.project.registry.ProjectRegistryRefreshJob$1.call(ProjectRegistryRefreshJob.java:104) [org.eclipse.m2e.core_1.5.1.20150109-1820.jar:na]
	at org.eclipse.m2e.core.internal.project.registry.ProjectRegistryRefreshJob$1.call(ProjectRegistryRefreshJob.java:1) [org.eclipse.m2e.core_1.5.1.20150109-1820.jar:na]
	at org.eclipse.m2e.core.internal.embedder.MavenExecutionContext.executeBare(MavenExecutionContext.java:166) [org.eclipse.m2e.core_1.5.1.20150109-1820.jar:na]
	at org.eclipse.m2e.core.internal.embedder.MavenExecutionContext.execute(MavenExecutionContext.java:142) [org.eclipse.m2e.core_1.5.1.20150109-1820.jar:na]
	at org.eclipse.m2e.core.internal.embedder.MavenExecutionContext.execute(MavenExecutionContext.java:96) [org.eclipse.m2e.core_1.5.1.20150109-1820.jar:na]
	at org.eclipse.m2e.core.internal.embedder.MavenImpl.execute(MavenImpl.java:1348) [org.eclipse.m2e.core_1.5.1.20150109-1820.jar:na]
	at org.eclipse.m2e.core.internal.project.registry.ProjectRegistryRefreshJob.run(ProjectRegistryRefreshJob.java:87) [org.eclipse.m2e.core_1.5.1.20150109-1820.jar:na]
	at org.eclipse.core.internal.jobs.Worker.run(Worker.java:54) [org.eclipse.core.jobs_3.6.1.v20141014-1248.jar:na]
2015-10-20 15:50:15,625 [Worker-17] ERROR o.e.m.j.i.l.MavenLaunchConfigurationListener - Launch configuration IOTSpringApplication references non-existing project IOTDataServiceClient.
org.eclipse.core.runtime.CoreException: Launch configuration IOTSpringApplication references non-existing project IOTDataServiceClient.
	at org.eclipse.jdt.launching.JavaRuntime.abort(JavaRuntime.java:1406) ~[org.eclipse.jdt.launching_3.7.102.v20141111-0953.jar:na]
	at org.eclipse.jdt.launching.JavaRuntime.getJavaProject(JavaRuntime.java:1281) ~[org.eclipse.jdt.launching_3.7.102.v20141111-0953.jar:na]
	at org.eclipse.m2e.jdt.internal.launch.MavenLaunchConfigurationListener.updateLaunchConfiguration(MavenLaunchConfigurationListener.java:53) [org.eclipse.m2e.jdt_1.5.1.20150109-1820.jar:na]
	at org.eclipse.m2e.jdt.internal.launch.MavenLaunchConfigurationListener.launchConfigurationChanged(MavenLaunchConfigurationListener.java:38) [org.eclipse.m2e.jdt_1.5.1.20150109-1820.jar:na]
	at org.eclipse.debug.internal.core.LaunchManager$ConfigurationNotifier.run(LaunchManager.java:229) [org.eclipse.debug.core_3.9.1.v20140805-1629.jar:na]
	at org.eclipse.core.runtime.SafeRunner.run(SafeRunner.java:42) [org.eclipse.equinox.common_3.6.200.v20130402-1505.jar:na]
	at org.eclipse.debug.internal.core.LaunchManager$ConfigurationNotifier.notify(LaunchManager.java:209) [org.eclipse.debug.core_3.9.1.v20140805-1629.jar:na]
	at org.eclipse.debug.internal.core.LaunchConfigurationWorkingCopy.setDirty(LaunchConfigurationWorkingCopy.java:552) [org.eclipse.debug.core_3.9.1.v20140805-1629.jar:na]
	at org.eclipse.debug.internal.core.LaunchConfigurationWorkingCopy.setAttribute(LaunchConfigurationWorkingCopy.java:425) [org.eclipse.debug.core_3.9.1.v20140805-1629.jar:na]
	at org.eclipse.m2e.jdt.internal.launch.MavenRuntimeClasspathProvider.disable(MavenRuntimeClasspathProvider.java:310) [org.eclipse.m2e.jdt_1.5.1.20150109-1820.jar:na]
	at org.eclipse.m2e.jdt.internal.launch.MavenRuntimeClasspathProvider.disable(MavenRuntimeClasspathProvider.java:335) [org.eclipse.m2e.jdt_1.5.1.20150109-1820.jar:na]
	at org.eclipse.m2e.jdt.internal.launch.MavenLaunchConfigurationListener.mavenProjectChanged(MavenLaunchConfigurationListener.java:70) [org.eclipse.m2e.jdt_1.5.1.20150109-1820.jar:na]
	at org.eclipse.m2e.core.internal.project.registry.ProjectRegistryManager.notifyProjectChangeListeners(ProjectRegistryManager.java:747) [org.eclipse.m2e.core_1.5.1.20150109-1820.jar:na]
	at org.eclipse.m2e.core.internal.project.registry.ProjectRegistryManager.applyMutableProjectRegistry(ProjectRegistryManager.java:876) [org.eclipse.m2e.core_1.5.1.20150109-1820.jar:na]
	at org.eclipse.m2e.core.internal.project.registry.ProjectRegistryRefreshJob$1.call(ProjectRegistryRefreshJob.java:104) [org.eclipse.m2e.core_1.5.1.20150109-1820.jar:na]
	at org.eclipse.m2e.core.internal.project.registry.ProjectRegistryRefreshJob$1.call(ProjectRegistryRefreshJob.java:1) [org.eclipse.m2e.core_1.5.1.20150109-1820.jar:na]
	at org.eclipse.m2e.core.internal.embedder.MavenExecutionContext.executeBare(MavenExecutionContext.java:166) [org.eclipse.m2e.core_1.5.1.20150109-1820.jar:na]
	at org.eclipse.m2e.core.internal.embedder.MavenExecutionContext.execute(MavenExecutionContext.java:142) [org.eclipse.m2e.core_1.5.1.20150109-1820.jar:na]
	at org.eclipse.m2e.core.internal.embedder.MavenExecutionContext.execute(MavenExecutionContext.java:96) [org.eclipse.m2e.core_1.5.1.20150109-1820.jar:na]
	at org.eclipse.m2e.core.internal.embedder.MavenImpl.execute(MavenImpl.java:1348) [org.eclipse.m2e.core_1.5.1.20150109-1820.jar:na]
	at org.eclipse.m2e.core.internal.project.registry.ProjectRegistryRefreshJob.run(ProjectRegistryRefreshJob.java:87) [org.eclipse.m2e.core_1.5.1.20150109-1820.jar:na]
	at org.eclipse.core.internal.jobs.Worker.run(Worker.java:54) [org.eclipse.core.jobs_3.6.1.v20141014-1248.jar:na]
2015-10-20 15:50:15,630 [Worker-17] ERROR o.e.m.j.i.l.MavenLaunchConfigurationListener - Launch configuration IOTSpringApplication references non-existing project IOTDataServiceClient.
org.eclipse.core.runtime.CoreException: Launch configuration IOTSpringApplication references non-existing project IOTDataServiceClient.
	at org.eclipse.jdt.launching.JavaRuntime.abort(JavaRuntime.java:1406) ~[org.eclipse.jdt.launching_3.7.102.v20141111-0953.jar:na]
	at org.eclipse.jdt.launching.JavaRuntime.getJavaProject(JavaRuntime.java:1281) ~[org.eclipse.jdt.launching_3.7.102.v20141111-0953.jar:na]
	at org.eclipse.m2e.jdt.internal.launch.MavenLaunchConfigurationListener.updateLaunchConfiguration(MavenLaunchConfigurationListener.java:53) [org.eclipse.m2e.jdt_1.5.1.20150109-1820.jar:na]
	at org.eclipse.m2e.jdt.internal.launch.MavenLaunchConfigurationListener.launchConfigurationChanged(MavenLaunchConfigurationListener.java:38) [org.eclipse.m2e.jdt_1.5.1.20150109-1820.jar:na]
	at org.eclipse.debug.internal.core.LaunchManager$ConfigurationNotifier.run(LaunchManager.java:229) [org.eclipse.debug.core_3.9.1.v20140805-1629.jar:na]
	at org.eclipse.core.runtime.SafeRunner.run(SafeRunner.java:42) [org.eclipse.equinox.common_3.6.200.v20130402-1505.jar:na]
	at org.eclipse.debug.internal.core.LaunchManager$ConfigurationNotifier.notify(LaunchManager.java:209) [org.eclipse.debug.core_3.9.1.v20140805-1629.jar:na]
	at org.eclipse.debug.internal.core.LaunchManager.launchConfigurationChanged(LaunchManager.java:2162) [org.eclipse.debug.core_3.9.1.v20140805-1629.jar:na]
	at org.eclipse.debug.internal.core.LaunchConfigurationWorkingCopy.writeNewFile(LaunchConfigurationWorkingCopy.java:384) [org.eclipse.debug.core_3.9.1.v20140805-1629.jar:na]
	at org.eclipse.debug.internal.core.LaunchConfigurationWorkingCopy.doSave0(LaunchConfigurationWorkingCopy.java:250) [org.eclipse.debug.core_3.9.1.v20140805-1629.jar:na]
	at org.eclipse.debug.internal.core.LaunchConfigurationWorkingCopy.doSave(LaunchConfigurationWorkingCopy.java:220) [org.eclipse.debug.core_3.9.1.v20140805-1629.jar:na]
	at org.eclipse.debug.internal.core.LaunchConfigurationWorkingCopy.doSave(LaunchConfigurationWorkingCopy.java:173) [org.eclipse.debug.core_3.9.1.v20140805-1629.jar:na]
	at org.eclipse.m2e.jdt.internal.launch.MavenRuntimeClasspathProvider.disable(MavenRuntimeClasspathProvider.java:311) [org.eclipse.m2e.jdt_1.5.1.20150109-1820.jar:na]
	at org.eclipse.m2e.jdt.internal.launch.MavenRuntimeClasspathProvider.disable(MavenRuntimeClasspathProvider.java:335) [org.eclipse.m2e.jdt_1.5.1.20150109-1820.jar:na]
	at org.eclipse.m2e.jdt.internal.launch.MavenLaunchConfigurationListener.mavenProjectChanged(MavenLaunchConfigurationListener.java:70) [org.eclipse.m2e.jdt_1.5.1.20150109-1820.jar:na]
	at org.eclipse.m2e.core.internal.project.registry.ProjectRegistryManager.notifyProjectChangeListeners(ProjectRegistryManager.java:747) [org.eclipse.m2e.core_1.5.1.20150109-1820.jar:na]
	at org.eclipse.m2e.core.internal.project.registry.ProjectRegistryManager.applyMutableProjectRegistry(ProjectRegistryManager.java:876) [org.eclipse.m2e.core_1.5.1.20150109-1820.jar:na]
	at org.eclipse.m2e.core.internal.project.registry.ProjectRegistryRefreshJob$1.call(ProjectRegistryRefreshJob.java:104) [org.eclipse.m2e.core_1.5.1.20150109-1820.jar:na]
	at org.eclipse.m2e.core.internal.project.registry.ProjectRegistryRefreshJob$1.call(ProjectRegistryRefreshJob.java:1) [org.eclipse.m2e.core_1.5.1.20150109-1820.jar:na]
	at org.eclipse.m2e.core.internal.embedder.MavenExecutionContext.executeBare(MavenExecutionContext.java:166) [org.eclipse.m2e.core_1.5.1.20150109-1820.jar:na]
	at org.eclipse.m2e.core.internal.embedder.MavenExecutionContext.execute(MavenExecutionContext.java:142) [org.eclipse.m2e.core_1.5.1.20150109-1820.jar:na]
	at org.eclipse.m2e.core.internal.embedder.MavenExecutionContext.execute(MavenExecutionContext.java:96) [org.eclipse.m2e.core_1.5.1.20150109-1820.jar:na]
	at org.eclipse.m2e.core.internal.embedder.MavenImpl.execute(MavenImpl.java:1348) [org.eclipse.m2e.core_1.5.1.20150109-1820.jar:na]
	at org.eclipse.m2e.core.internal.project.registry.ProjectRegistryRefreshJob.run(ProjectRegistryRefreshJob.java:87) [org.eclipse.m2e.core_1.5.1.20150109-1820.jar:na]
	at org.eclipse.core.internal.jobs.Worker.run(Worker.java:54) [org.eclipse.core.jobs_3.6.1.v20141014-1248.jar:na]
